TI ARM Assembler PC v5.2.4 Thu Sep 17 23:20:50 2015

Tools Copyright (c) 1996-2015 Texas Instruments Incorporated
pll.asm                                                              PAGE    1

       1                    ;******************************************************************************
       2                    ;* TI ARM C/C++ Codegen                                             PC v5.2.4 *
       3                    ;* Date/Time created: Thu Sep 17 23:20:50 2015                                *
       4                    ;******************************************************************************
       5                            .compiler_opts --abi=eabi --arm_vmrs_si_workaround=off --code_state=16 --diag_wrap=off --disab
       6 00000000                   .thumb
       7                    
       8                    $C$DW$CU        .dwtag  DW_TAG_compile_unit
       9                            .dwattr $C$DW$CU, DW_AT_name("../pll.c")
      10                            .dwattr $C$DW$CU, DW_AT_producer("TI TI ARM C/C++ Codegen PC v5.2.4 Copyright (c) 1996-2015 Te
      11                            .dwattr $C$DW$CU, DW_AT_TI_version(0x01)
      12                            .dwattr $C$DW$CU, DW_AT_comp_dir("C:\Dropbox\ArmBook\LaunchPad\ValvanoWareTM4C123\ESP8266_4C12
      13                    ;       C:\ti\ccsv6\tools\compiler\ti-cgt-arm_5.2.4\bin\armacpia.exe -@C:\\Users\\VALVAN~1\\AppData\\L
      14 00000000                   .sect   ".text"
      15                            .clink
      16                            .thumbfunc PLL_Init
      17 00000000                   .thumb
      18                            .global PLL_Init
      19                    
      20                    $C$DW$1 .dwtag  DW_TAG_subprogram, DW_AT_name("PLL_Init")
      21                            .dwattr $C$DW$1, DW_AT_low_pc(PLL_Init)
      22                            .dwattr $C$DW$1, DW_AT_high_pc(0x00)
      23                            .dwattr $C$DW$1, DW_AT_TI_symbol_name("PLL_Init")
      24                            .dwattr $C$DW$1, DW_AT_external
      25                            .dwattr $C$DW$1, DW_AT_TI_begin_file("../pll.c")
      26                            .dwattr $C$DW$1, DW_AT_TI_begin_line(0x33)
      27                            .dwattr $C$DW$1, DW_AT_TI_begin_column(0x06)
      28                            .dwattr $C$DW$1, DW_AT_decl_file("../pll.c")
      29                            .dwattr $C$DW$1, DW_AT_decl_line(0x33)
      30                            .dwattr $C$DW$1, DW_AT_decl_column(0x06)
      31                            .dwattr $C$DW$1, DW_AT_TI_max_frame_size(0x08)
      32                            .dwpsn  file "../pll.c",line 51,column 29,is_stmt,address PLL_Init,isa 1
      33                    
      34                            .dwfde $C$DW$CIE, PLL_Init
      35                    $C$DW$2 .dwtag  DW_TAG_formal_parameter, DW_AT_name("freq")
      36                            .dwattr $C$DW$2, DW_AT_TI_symbol_name("freq")
      37                            .dwattr $C$DW$2, DW_AT_type(*$C$DW$T$19)
      38                            .dwattr $C$DW$2, DW_AT_location[DW_OP_reg0]
      39                    
      40                    ;*****************************************************************************
      41                    ;* FUNCTION NAME: PLL_Init                                                   *
      42                    ;*                                                                           *
      43                    ;*   Regs Modified     : A1,A2,A3,SP,SR                                      *
      44                    ;*   Regs Used         : A1,A2,A3,SP,LR,SR                                   *
      45                    ;*   Local Frame Size  : 0 Args + 4 Auto + 0 Save = 4 byte                   *
      46                    ;*****************************************************************************
      47 00000000           PLL_Init:
      48                    ;* --------------------------------------------------------------------------*
      49                            .dwcfi  cfa_offset, 0
      50 00000000 0D08F1AD          SUB       SP, SP, #8            ; [DPU_3_PIPE]  ; [KEEP 32-BIT INS]
      51                            .dwcfi  cfa_offset, 8
      52                    $C$DW$3 .dwtag  DW_TAG_variable, DW_AT_name("freq")
      53                            .dwattr $C$DW$3, DW_AT_TI_symbol_name("freq")
      54                            .dwattr $C$DW$3, DW_AT_type(*$C$DW$T$19)
      55                            .dwattr $C$DW$3, DW_AT_location[DW_OP_breg13 0]
TI ARM Assembler PC v5.2.4 Thu Sep 17 23:20:50 2015

Tools Copyright (c) 1996-2015 Texas Instruments Incorporated
pll.asm                                                              PAGE    2

      56                    ;----------------------------------------------------------------------
      57                    ;  51 | void PLL_Init(uint32_t freq){                                          
      58                    ;  52 | // 0) configure the system to use RCC2 for advanced features           
      59                    ;  53 | //    such as 400 MHz PLL and non-integer System Clock Divisor         
      60                    ;----------------------------------------------------------------------
      61 00000004 9000              STR       A1, [SP, #0]          ; [DPU_3_PIPE] |51|  ; [ORIG 16-BIT INS]
      62                            .dwpsn  file "../pll.c",line 54,column 3,is_stmt,isa 1
      63                    ;----------------------------------------------------------------------
      64                    ;  54 | SYSCTL_RCC2_R |= SYSCTL_RCC2_USERCC2;                                  
      65                    ;  55 | // 1) bypass PLL while initializing                                    
      66                    ;----------------------------------------------------------------------
      67 00000006 491D              LDR       A2, $C$CON1           ; [DPU_3_PIPE] |54|  ; [ORIG 16-BIT INS]
      68 00000008 6808              LDR       A1, [A2, #0]          ; [DPU_3_PIPE] |54|  ; [ORIG 16-BIT INS]
      69 0000000a 4000F040          ORR       A1, A1, #-2147483648  ; [DPU_3_PIPE] |54|  ; [KEEP 32-BIT INS]
      70 0000000e 6008              STR       A1, [A2, #0]          ; [DPU_3_PIPE] |54|  ; [ORIG 16-BIT INS]
      71                            .dwpsn  file "../pll.c",line 56,column 3,is_stmt,isa 1
      72                    ;----------------------------------------------------------------------
      73                    ;  56 | SYSCTL_RCC2_R |= SYSCTL_RCC2_BYPASS2;                                  
      74                    ;  57 | // 2) select the crystal value and oscillator source                   
      75                    ;----------------------------------------------------------------------
      76 00000010 491A              LDR       A2, $C$CON1           ; [DPU_3_PIPE] |56|  ; [ORIG 16-BIT INS]
      77 00000012 6808              LDR       A1, [A2, #0]          ; [DPU_3_PIPE] |56|  ; [ORIG 16-BIT INS]
      78 00000014 6000F440          ORR       A1, A1, #2048         ; [DPU_3_PIPE] |56|  ; [KEEP 32-BIT INS]
      79 00000018 6008              STR       A1, [A2, #0]          ; [DPU_3_PIPE] |56|  ; [ORIG 16-BIT INS]
      80                            .dwpsn  file "../pll.c",line 58,column 3,is_stmt,isa 1
      81                    ;----------------------------------------------------------------------
      82                    ;  58 | SYSCTL_RCC_R &= ~SYSCTL_RCC_XTAL_M;   // clear XTAL field              
      83                    ;----------------------------------------------------------------------
      84 0000001a 4919              LDR       A2, $C$CON2           ; [DPU_3_PIPE] |58|  ; [ORIG 16-BIT INS]
      85 0000001c 6808              LDR       A1, [A2, #0]          ; [DPU_3_PIPE] |58|  ; [ORIG 16-BIT INS]
      86 0000001e 60F8F420          BIC       A1, A1, #1984         ; [DPU_3_PIPE] |58|  ; [KEEP 32-BIT INS]
      87 00000022 6008              STR       A1, [A2, #0]          ; [DPU_3_PIPE] |58|  ; [ORIG 16-BIT INS]
      88                            .dwpsn  file "../pll.c",line 59,column 3,is_stmt,isa 1
      89                    ;----------------------------------------------------------------------
      90                    ;  59 | SYSCTL_RCC_R += SYSCTL_RCC_XTAL_16MHZ;// configure for 16 MHz crystal  
      91                    ;----------------------------------------------------------------------
      92 00000024 4916              LDR       A2, $C$CON2           ; [DPU_3_PIPE] |59|  ; [ORIG 16-BIT INS]
      93 00000026 6808              LDR       A1, [A2, #0]          ; [DPU_3_PIPE] |59|  ; [ORIG 16-BIT INS]
      94 00000028 60A8F500          ADD       A1, A1, #1344         ; [DPU_3_PIPE] |59|  ; [KEEP 32-BIT INS]
      95 0000002c 6008              STR       A1, [A2, #0]          ; [DPU_3_PIPE] |59|  ; [ORIG 16-BIT INS]
      96                            .dwpsn  file "../pll.c",line 60,column 3,is_stmt,isa 1
      97                    ;----------------------------------------------------------------------
      98                    ;  60 | SYSCTL_RCC2_R &= ~SYSCTL_RCC2_OSCSRC2_M;// clear oscillator source fiel
      99                    ;     | d                                                                      
     100                    ;----------------------------------------------------------------------
     101 0000002e 4913              LDR       A2, $C$CON1           ; [DPU_3_PIPE] |60|  ; [ORIG 16-BIT INS]
     102 00000030 6808              LDR       A1, [A2, #0]          ; [DPU_3_PIPE] |60|  ; [ORIG 16-BIT INS]
     103 00000032 0070F020          BIC       A1, A1, #112          ; [DPU_3_PIPE] |60|  ; [KEEP 32-BIT INS]
     104 00000036 6008              STR       A1, [A2, #0]          ; [DPU_3_PIPE] |60|  ; [ORIG 16-BIT INS]
     105                            .dwpsn  file "../pll.c",line 61,column 3,is_stmt,isa 1
     106                    ;----------------------------------------------------------------------
     107                    ;  61 | SYSCTL_RCC2_R += SYSCTL_RCC2_OSCSRC2_MO;// configure for main oscillato
     108                    ;     | r source                                                               
     109                    ;  62 | // 3) activate PLL by clearing PWRDN                                   
     110                    ;----------------------------------------------------------------------
TI ARM Assembler PC v5.2.4 Thu Sep 17 23:20:50 2015

Tools Copyright (c) 1996-2015 Texas Instruments Incorporated
pll.asm                                                              PAGE    3

     111 00000038 4910              LDR       A2, $C$CON1           ; [DPU_3_PIPE] |61|  ; [ORIG 16-BIT INS]
     112 0000003a 6808              LDR       A1, [A2, #0]          ; [DPU_3_PIPE] |61|  ; [ORIG 16-BIT INS]
     113 0000003c 6008              STR       A1, [A2, #0]          ; [DPU_3_PIPE] |61|  ; [ORIG 16-BIT INS]
     114                            .dwpsn  file "../pll.c",line 63,column 3,is_stmt,isa 1
     115                    ;----------------------------------------------------------------------
     116                    ;  63 | SYSCTL_RCC2_R &= ~SYSCTL_RCC2_PWRDN2;                                  
     117                    ;  64 | // 4) set the desired system divider and the system divider least signi
     118                    ;     | ficant bit                                                             
     119                    ;----------------------------------------------------------------------
     120 0000003e 490F              LDR       A2, $C$CON1           ; [DPU_3_PIPE] |63|  ; [ORIG 16-BIT INS]
     121 00000040 6808              LDR       A1, [A2, #0]          ; [DPU_3_PIPE] |63|  ; [ORIG 16-BIT INS]
     122 00000042 5000F420          BIC       A1, A1, #8192         ; [DPU_3_PIPE] |63|  ; [KEEP 32-BIT INS]
     123 00000046 6008              STR       A1, [A2, #0]          ; [DPU_3_PIPE] |63|  ; [ORIG 16-BIT INS]
     124                            .dwpsn  file "../pll.c",line 65,column 3,is_stmt,isa 1
     125                    ;----------------------------------------------------------------------
     126                    ;  65 | SYSCTL_RCC2_R |= SYSCTL_RCC2_DIV400;  // use 400 MHz PLL               
     127                    ;----------------------------------------------------------------------
     128 00000048 490C              LDR       A2, $C$CON1           ; [DPU_3_PIPE] |65|  ; [ORIG 16-BIT INS]
     129 0000004a 6808              LDR       A1, [A2, #0]          ; [DPU_3_PIPE] |65|  ; [ORIG 16-BIT INS]
     130 0000004c 4080F040          ORR       A1, A1, #1073741824   ; [DPU_3_PIPE] |65|  ; [KEEP 32-BIT INS]
     131 00000050 6008              STR       A1, [A2, #0]          ; [DPU_3_PIPE] |65|  ; [ORIG 16-BIT INS]
     132                            .dwpsn  file "../pll.c",line 66,column 3,is_stmt,isa 1
     133                    ;----------------------------------------------------------------------
     134                    ;  66 | SYSCTL_RCC2_R = (SYSCTL_RCC2_R&~0x1FC00000) // clear system clock divid
     135                    ;     | er field                                                               
     136                    ;  67 |                 + (freq<<22);      // configure for 80 MHz clock       
     137                    ;  68 | // 5) wait for the PLL to lock by polling PLLLRIS                      
     138                    ;----------------------------------------------------------------------
     139 00000052 480A              LDR       A1, $C$CON1           ; [DPU_3_PIPE] |66|  ; [ORIG 16-BIT INS]
     140 00000054 4909              LDR       A2, $C$CON1           ; [DPU_3_PIPE] |66|  ; [ORIG 16-BIT INS]
     141 00000056 9A00              LDR       A3, [SP, #0]          ; [DPU_3_PIPE] |66|  ; [ORIG 16-BIT INS]
     142 00000058 6800              LDR       A1, [A1, #0]          ; [DPU_3_PIPE] |66|  ; [ORIG 16-BIT INS]
     143 0000005a 50FEF020          BIC       A1, A1, #532676608    ; [DPU_3_PIPE] |66|  ; [KEEP 32-BIT INS]
     144 0000005e 5082EB00          ADD       A1, A1, A3, LSL #22   ; [DPU_3_PIPE] |66|  ; [KEEP 32-BIT INS]
     145 00000062 6008              STR       A1, [A2, #0]          ; [DPU_3_PIPE] |66|  ; [ORIG 16-BIT INS]
     146                            .dwpsn  file "../pll.c",line 69,column 3,is_stmt,isa 1
     147                    ;----------------------------------------------------------------------
     148                    ;  69 | while((SYSCTL_RIS_R&SYSCTL_RIS_PLLLRIS)==0){};                         
     149                    ;----------------------------------------------------------------------
     150                    ;* --------------------------------------------------------------------------*
     151                    ;*   BEGIN LOOP ||$C$L1||
     152                    ;*
     153                    ;*   Loop source line                : 69
     154                    ;*   Loop closing brace source line  : 69
     155                    ;*   Known Minimum Trip Count        : 1
     156                    ;*   Known Maximum Trip Count        : 4294967295
     157                    ;*   Known Max Trip Count Factor     : 1
     158                    ;* --------------------------------------------------------------------------*
     159 00000064           ||$C$L1||:    
     160                            .dwpsn  file "../pll.c",line 69,column 9,is_stmt,isa 1
     161                    ;----------------------------------------------------------------------
     162                    ;  70 | // 6) enable use of PLL by clearing BYPASS                             
     163                    ;----------------------------------------------------------------------
     164 00000064 4807              LDR       A1, $C$CON3           ; [DPU_3_PIPE] |69|  ; [ORIG 16-BIT INS]
     165 00000066 6800              LDR       A1, [A1, #0]          ; [DPU_3_PIPE] |69|  ; [ORIG 16-BIT INS]
TI ARM Assembler PC v5.2.4 Thu Sep 17 23:20:50 2015

Tools Copyright (c) 1996-2015 Texas Instruments Incorporated
pll.asm                                                              PAGE    4

     166 00000068 09C0              LSRS      A1, A1, #7            ; [DPU_3_PIPE] |69|  ; [ORIG 16-BIT INS]
     167 0000006a D3FB              BCC       ||$C$L1||             ; [DPU_3_PIPE] |69|  ; [ORIG 16-BIT INS]
     168                            ; BRANCHCC OCCURS {||$C$L1||}    ; [] |69| 
     169                    ;* --------------------------------------------------------------------------*
     170                            .dwpsn  file "../pll.c",line 71,column 3,is_stmt,isa 1
     171                    ;----------------------------------------------------------------------
     172                    ;  71 | SYSCTL_RCC2_R &= ~SYSCTL_RCC2_BYPASS2;                                 
     173                    ;----------------------------------------------------------------------
     174 0000006c 4903              LDR       A2, $C$CON1           ; [DPU_3_PIPE] |71|  ; [ORIG 16-BIT INS]
     175 0000006e 6808              LDR       A1, [A2, #0]          ; [DPU_3_PIPE] |71|  ; [ORIG 16-BIT INS]
     176 00000070 6000F420          BIC       A1, A1, #2048         ; [DPU_3_PIPE] |71|  ; [KEEP 32-BIT INS]
     177 00000074 6008              STR       A1, [A2, #0]          ; [DPU_3_PIPE] |71|  ; [ORIG 16-BIT INS]
     178                            .dwpsn  file "../pll.c",line 72,column 1,is_stmt,isa 1
     179 00000076 B002              ADD       SP, SP, #8            ; [DPU_3_PIPE]  ; [ORIG 16-BIT INS]
     180                            .dwcfi  cfa_offset, 0
     181                    $C$DW$4 .dwtag  DW_TAG_TI_branch
     182                            .dwattr $C$DW$4, DW_AT_low_pc(0x00)
     183                            .dwattr $C$DW$4, DW_AT_TI_return
     184 00000078 4770              BX        LR                    ; [DPU_3_PIPE]  ; [ORIG 16-BIT INS]
     185                            ; BRANCH OCCURS                  ; [] 
     186                            .dwattr $C$DW$1, DW_AT_TI_end_file("../pll.c")
     187                            .dwattr $C$DW$1, DW_AT_TI_end_line(0x48)
     188                            .dwattr $C$DW$1, DW_AT_TI_end_column(0x01)
     189                            .dwendentry
     190                            .dwendtag $C$DW$1
     191                    
     192                    ;******************************************************************************
     193                    ;* CONSTANT TABLE                                                             *
     194                    ;******************************************************************************
     195 0000007a                   .sect   ".text"
     196                            .align  4
     197 0000007a E07046C0  ||$C$CON1||:    .bits   1074782320,32
         0000007e 0000400F 
     198                            .align  4
     199 0000007e E060400F  ||$C$CON2||:    .bits   1074782304,32
         00000082 0000400F 
     200                            .align  4
     201 00000082 E050400F  ||$C$CON3||:    .bits   1074782288,32
         00000086 0000400F 
     202                    
     203                    ;******************************************************************************
     204                    ;* BUILD ATTRIBUTES                                                           *
     205                    ;******************************************************************************
     206                            .battr "aeabi", Tag_File, 1, Tag_ABI_PCS_wchar_t(2)
     207                            .battr "aeabi", Tag_File, 1, Tag_ABI_FP_rounding(0)
     208                            .battr "aeabi", Tag_File, 1, Tag_ABI_FP_denormal(0)
     209                            .battr "aeabi", Tag_File, 1, Tag_ABI_FP_exceptions(0)
     210                            .battr "aeabi", Tag_File, 1, Tag_ABI_FP_number_model(1)
     211                            .battr "aeabi", Tag_File, 1, Tag_ABI_enum_size(0)
     212                            .battr "aeabi", Tag_File, 1, Tag_ABI_optimization_goals(5)
     213                            .battr "aeabi", Tag_File, 1, Tag_ABI_FP_optimization_goals(0)
     214                            .battr "TI", Tag_File, 1, Tag_Bitfield_layout(2)
     215                            .battr "TI", Tag_File, 1, Tag_FP_interface(1)
     216                    
     217                    ;******************************************************************************
TI ARM Assembler PC v5.2.4 Thu Sep 17 23:20:50 2015

Tools Copyright (c) 1996-2015 Texas Instruments Incorporated
pll.asm                                                              PAGE    5

     218                    ;* TYPE INFORMATION                                                           *
     219                    ;******************************************************************************
     220                    $C$DW$T$2       .dwtag  DW_TAG_unspecified_type
     221                            .dwattr $C$DW$T$2, DW_AT_name("void")
     222                    $C$DW$T$4       .dwtag  DW_TAG_base_type
     223                            .dwattr $C$DW$T$4, DW_AT_encoding(DW_ATE_boolean)
     224                            .dwattr $C$DW$T$4, DW_AT_name("bool")
     225                            .dwattr $C$DW$T$4, DW_AT_byte_size(0x01)
     226                    $C$DW$T$5       .dwtag  DW_TAG_base_type
     227                            .dwattr $C$DW$T$5, DW_AT_encoding(DW_ATE_signed_char)
     228                            .dwattr $C$DW$T$5, DW_AT_name("signed char")
     229                            .dwattr $C$DW$T$5, DW_AT_byte_size(0x01)
     230                    $C$DW$T$21      .dwtag  DW_TAG_typedef, DW_AT_name("int8_t")
     231                            .dwattr $C$DW$T$21, DW_AT_type(*$C$DW$T$5)
     232                            .dwattr $C$DW$T$21, DW_AT_language(DW_LANG_C)
     233                            .dwattr $C$DW$T$21, DW_AT_decl_file("C:/ti/ccsv6/tools/compiler/ti-cgt-arm_5.2.4/include/stdin
     234                            .dwattr $C$DW$T$21, DW_AT_decl_line(0x2a)
     235                            .dwattr $C$DW$T$21, DW_AT_decl_column(0x1d)
     236                    $C$DW$T$22      .dwtag  DW_TAG_typedef, DW_AT_name("int_least8_t")
     237                            .dwattr $C$DW$T$22, DW_AT_type(*$C$DW$T$21)
     238                            .dwattr $C$DW$T$22, DW_AT_language(DW_LANG_C)
     239                            .dwattr $C$DW$T$22, DW_AT_decl_file("C:/ti/ccsv6/tools/compiler/ti-cgt-arm_5.2.4/include/stdin
     240                            .dwattr $C$DW$T$22, DW_AT_decl_line(0x37)
     241                            .dwattr $C$DW$T$22, DW_AT_decl_column(0x17)
     242                    $C$DW$T$6       .dwtag  DW_TAG_base_type
     243                            .dwattr $C$DW$T$6, DW_AT_encoding(DW_ATE_unsigned_char)
     244                            .dwattr $C$DW$T$6, DW_AT_name("unsigned char")
     245                            .dwattr $C$DW$T$6, DW_AT_byte_size(0x01)
     246                    $C$DW$T$23      .dwtag  DW_TAG_typedef, DW_AT_name("uint8_t")
     247                            .dwattr $C$DW$T$23, DW_AT_type(*$C$DW$T$6)
     248                            .dwattr $C$DW$T$23, DW_AT_language(DW_LANG_C)
     249                            .dwattr $C$DW$T$23, DW_AT_decl_file("C:/ti/ccsv6/tools/compiler/ti-cgt-arm_5.2.4/include/stdin
     250                            .dwattr $C$DW$T$23, DW_AT_decl_line(0x2b)
     251                            .dwattr $C$DW$T$23, DW_AT_decl_column(0x1c)
     252                    $C$DW$T$24      .dwtag  DW_TAG_typedef, DW_AT_name("uint_least8_t")
     253                            .dwattr $C$DW$T$24, DW_AT_type(*$C$DW$T$23)
     254                            .dwattr $C$DW$T$24, DW_AT_language(DW_LANG_C)
     255                            .dwattr $C$DW$T$24, DW_AT_decl_file("C:/ti/ccsv6/tools/compiler/ti-cgt-arm_5.2.4/include/stdin
     256                            .dwattr $C$DW$T$24, DW_AT_decl_line(0x38)
     257                            .dwattr $C$DW$T$24, DW_AT_decl_column(0x16)
     258                    $C$DW$T$7       .dwtag  DW_TAG_base_type
     259                            .dwattr $C$DW$T$7, DW_AT_encoding(DW_ATE_signed_char)
     260                            .dwattr $C$DW$T$7, DW_AT_name("wchar_t")
     261                            .dwattr $C$DW$T$7, DW_AT_byte_size(0x02)
     262                    $C$DW$T$8       .dwtag  DW_TAG_base_type
     263                            .dwattr $C$DW$T$8, DW_AT_encoding(DW_ATE_signed)
     264                            .dwattr $C$DW$T$8, DW_AT_name("short")
     265                            .dwattr $C$DW$T$8, DW_AT_byte_size(0x02)
     266                    $C$DW$T$25      .dwtag  DW_TAG_typedef, DW_AT_name("int16_t")
     267                            .dwattr $C$DW$T$25, DW_AT_type(*$C$DW$T$8)
     268                            .dwattr $C$DW$T$25, DW_AT_language(DW_LANG_C)
     269                            .dwattr $C$DW$T$25, DW_AT_decl_file("C:/ti/ccsv6/tools/compiler/ti-cgt-arm_5.2.4/include/stdin
     270                            .dwattr $C$DW$T$25, DW_AT_decl_line(0x2c)
     271                            .dwattr $C$DW$T$25, DW_AT_decl_column(0x1d)
     272                    $C$DW$T$26      .dwtag  DW_TAG_typedef, DW_AT_name("int_least16_t")
TI ARM Assembler PC v5.2.4 Thu Sep 17 23:20:50 2015

Tools Copyright (c) 1996-2015 Texas Instruments Incorporated
pll.asm                                                              PAGE    6

     273                            .dwattr $C$DW$T$26, DW_AT_type(*$C$DW$T$25)
     274                            .dwattr $C$DW$T$26, DW_AT_language(DW_LANG_C)
     275                            .dwattr $C$DW$T$26, DW_AT_decl_file("C:/ti/ccsv6/tools/compiler/ti-cgt-arm_5.2.4/include/stdin
     276                            .dwattr $C$DW$T$26, DW_AT_decl_line(0x3a)
     277                            .dwattr $C$DW$T$26, DW_AT_decl_column(0x17)
     278                    $C$DW$T$9       .dwtag  DW_TAG_base_type
     279                            .dwattr $C$DW$T$9, DW_AT_encoding(DW_ATE_unsigned)
     280                            .dwattr $C$DW$T$9, DW_AT_name("unsigned short")
     281                            .dwattr $C$DW$T$9, DW_AT_byte_size(0x02)
     282                    $C$DW$T$27      .dwtag  DW_TAG_typedef, DW_AT_name("uint16_t")
     283                            .dwattr $C$DW$T$27, DW_AT_type(*$C$DW$T$9)
     284                            .dwattr $C$DW$T$27, DW_AT_language(DW_LANG_C)
     285                            .dwattr $C$DW$T$27, DW_AT_decl_file("C:/ti/ccsv6/tools/compiler/ti-cgt-arm_5.2.4/include/stdin
     286                            .dwattr $C$DW$T$27, DW_AT_decl_line(0x2d)
     287                            .dwattr $C$DW$T$27, DW_AT_decl_column(0x1c)
     288                    $C$DW$T$28      .dwtag  DW_TAG_typedef, DW_AT_name("uint_least16_t")
     289                            .dwattr $C$DW$T$28, DW_AT_type(*$C$DW$T$27)
     290                            .dwattr $C$DW$T$28, DW_AT_language(DW_LANG_C)
     291                            .dwattr $C$DW$T$28, DW_AT_decl_file("C:/ti/ccsv6/tools/compiler/ti-cgt-arm_5.2.4/include/stdin
     292                            .dwattr $C$DW$T$28, DW_AT_decl_line(0x3b)
     293                            .dwattr $C$DW$T$28, DW_AT_decl_column(0x16)
     294                    $C$DW$T$10      .dwtag  DW_TAG_base_type
     295                            .dwattr $C$DW$T$10, DW_AT_encoding(DW_ATE_signed)
     296                            .dwattr $C$DW$T$10, DW_AT_name("int")
     297                            .dwattr $C$DW$T$10, DW_AT_byte_size(0x04)
     298                    $C$DW$T$29      .dwtag  DW_TAG_typedef, DW_AT_name("int32_t")
     299                            .dwattr $C$DW$T$29, DW_AT_type(*$C$DW$T$10)
     300                            .dwattr $C$DW$T$29, DW_AT_language(DW_LANG_C)
     301                            .dwattr $C$DW$T$29, DW_AT_decl_file("C:/ti/ccsv6/tools/compiler/ti-cgt-arm_5.2.4/include/stdin
     302                            .dwattr $C$DW$T$29, DW_AT_decl_line(0x2e)
     303                            .dwattr $C$DW$T$29, DW_AT_decl_column(0x1d)
     304                    $C$DW$T$30      .dwtag  DW_TAG_typedef, DW_AT_name("int_fast16_t")
     305                            .dwattr $C$DW$T$30, DW_AT_type(*$C$DW$T$29)
     306                            .dwattr $C$DW$T$30, DW_AT_language(DW_LANG_C)
     307                            .dwattr $C$DW$T$30, DW_AT_decl_file("C:/ti/ccsv6/tools/compiler/ti-cgt-arm_5.2.4/include/stdin
     308                            .dwattr $C$DW$T$30, DW_AT_decl_line(0x47)
     309                            .dwattr $C$DW$T$30, DW_AT_decl_column(0x17)
     310                    $C$DW$T$31      .dwtag  DW_TAG_typedef, DW_AT_name("int_fast32_t")
     311                            .dwattr $C$DW$T$31, DW_AT_type(*$C$DW$T$29)
     312                            .dwattr $C$DW$T$31, DW_AT_language(DW_LANG_C)
     313                            .dwattr $C$DW$T$31, DW_AT_decl_file("C:/ti/ccsv6/tools/compiler/ti-cgt-arm_5.2.4/include/stdin
     314                            .dwattr $C$DW$T$31, DW_AT_decl_line(0x4a)
     315                            .dwattr $C$DW$T$31, DW_AT_decl_column(0x17)
     316                    $C$DW$T$32      .dwtag  DW_TAG_typedef, DW_AT_name("int_fast8_t")
     317                            .dwattr $C$DW$T$32, DW_AT_type(*$C$DW$T$29)
     318                            .dwattr $C$DW$T$32, DW_AT_language(DW_LANG_C)
     319                            .dwattr $C$DW$T$32, DW_AT_decl_file("C:/ti/ccsv6/tools/compiler/ti-cgt-arm_5.2.4/include/stdin
     320                            .dwattr $C$DW$T$32, DW_AT_decl_line(0x45)
     321                            .dwattr $C$DW$T$32, DW_AT_decl_column(0x17)
     322                    $C$DW$T$33      .dwtag  DW_TAG_typedef, DW_AT_name("int_least32_t")
     323                            .dwattr $C$DW$T$33, DW_AT_type(*$C$DW$T$29)
     324                            .dwattr $C$DW$T$33, DW_AT_language(DW_LANG_C)
     325                            .dwattr $C$DW$T$33, DW_AT_decl_file("C:/ti/ccsv6/tools/compiler/ti-cgt-arm_5.2.4/include/stdin
     326                            .dwattr $C$DW$T$33, DW_AT_decl_line(0x3c)
     327                            .dwattr $C$DW$T$33, DW_AT_decl_column(0x17)
TI ARM Assembler PC v5.2.4 Thu Sep 17 23:20:50 2015

Tools Copyright (c) 1996-2015 Texas Instruments Incorporated
pll.asm                                                              PAGE    7

     328                    $C$DW$T$34      .dwtag  DW_TAG_typedef, DW_AT_name("intptr_t")
     329                            .dwattr $C$DW$T$34, DW_AT_type(*$C$DW$T$10)
     330                            .dwattr $C$DW$T$34, DW_AT_language(DW_LANG_C)
     331                            .dwattr $C$DW$T$34, DW_AT_decl_file("C:/ti/ccsv6/tools/compiler/ti-cgt-arm_5.2.4/include/stdin
     332                            .dwattr $C$DW$T$34, DW_AT_decl_line(0x52)
     333                            .dwattr $C$DW$T$34, DW_AT_decl_column(0x1a)
     334                    $C$DW$T$11      .dwtag  DW_TAG_base_type
     335                            .dwattr $C$DW$T$11, DW_AT_encoding(DW_ATE_unsigned)
     336                            .dwattr $C$DW$T$11, DW_AT_name("unsigned int")
     337                            .dwattr $C$DW$T$11, DW_AT_byte_size(0x04)
     338                    $C$DW$T$19      .dwtag  DW_TAG_typedef, DW_AT_name("uint32_t")
     339                            .dwattr $C$DW$T$19, DW_AT_type(*$C$DW$T$11)
     340                            .dwattr $C$DW$T$19, DW_AT_language(DW_LANG_C)
     341                            .dwattr $C$DW$T$19, DW_AT_decl_file("C:/ti/ccsv6/tools/compiler/ti-cgt-arm_5.2.4/include/stdin
     342                            .dwattr $C$DW$T$19, DW_AT_decl_line(0x2f)
     343                            .dwattr $C$DW$T$19, DW_AT_decl_column(0x1c)
     344                    $C$DW$T$37      .dwtag  DW_TAG_typedef, DW_AT_name("uint_fast16_t")
     345                            .dwattr $C$DW$T$37, DW_AT_type(*$C$DW$T$19)
     346                            .dwattr $C$DW$T$37, DW_AT_language(DW_LANG_C)
     347                            .dwattr $C$DW$T$37, DW_AT_decl_file("C:/ti/ccsv6/tools/compiler/ti-cgt-arm_5.2.4/include/stdin
     348                            .dwattr $C$DW$T$37, DW_AT_decl_line(0x48)
     349                            .dwattr $C$DW$T$37, DW_AT_decl_column(0x16)
     350                    $C$DW$T$38      .dwtag  DW_TAG_typedef, DW_AT_name("uint_fast32_t")
     351                            .dwattr $C$DW$T$38, DW_AT_type(*$C$DW$T$19)
     352                            .dwattr $C$DW$T$38, DW_AT_language(DW_LANG_C)
     353                            .dwattr $C$DW$T$38, DW_AT_decl_file("C:/ti/ccsv6/tools/compiler/ti-cgt-arm_5.2.4/include/stdin
     354                            .dwattr $C$DW$T$38, DW_AT_decl_line(0x4b)
     355                            .dwattr $C$DW$T$38, DW_AT_decl_column(0x16)
     356                    $C$DW$T$39      .dwtag  DW_TAG_typedef, DW_AT_name("uint_fast8_t")
     357                            .dwattr $C$DW$T$39, DW_AT_type(*$C$DW$T$19)
     358                            .dwattr $C$DW$T$39, DW_AT_language(DW_LANG_C)
     359                            .dwattr $C$DW$T$39, DW_AT_decl_file("C:/ti/ccsv6/tools/compiler/ti-cgt-arm_5.2.4/include/stdin
     360                            .dwattr $C$DW$T$39, DW_AT_decl_line(0x46)
     361                            .dwattr $C$DW$T$39, DW_AT_decl_column(0x16)
     362                    $C$DW$T$40      .dwtag  DW_TAG_typedef, DW_AT_name("uint_least32_t")
     363                            .dwattr $C$DW$T$40, DW_AT_type(*$C$DW$T$19)
     364                            .dwattr $C$DW$T$40, DW_AT_language(DW_LANG_C)
     365                            .dwattr $C$DW$T$40, DW_AT_decl_file("C:/ti/ccsv6/tools/compiler/ti-cgt-arm_5.2.4/include/stdin
     366                            .dwattr $C$DW$T$40, DW_AT_decl_line(0x3d)
     367                            .dwattr $C$DW$T$40, DW_AT_decl_column(0x16)
     368                    $C$DW$T$41      .dwtag  DW_TAG_typedef, DW_AT_name("uintptr_t")
     369                            .dwattr $C$DW$T$41, DW_AT_type(*$C$DW$T$11)
     370                            .dwattr $C$DW$T$41, DW_AT_language(DW_LANG_C)
     371                            .dwattr $C$DW$T$41, DW_AT_decl_file("C:/ti/ccsv6/tools/compiler/ti-cgt-arm_5.2.4/include/stdin
     372                            .dwattr $C$DW$T$41, DW_AT_decl_line(0x53)
     373                            .dwattr $C$DW$T$41, DW_AT_decl_column(0x1a)
     374                    $C$DW$T$12      .dwtag  DW_TAG_base_type
     375                            .dwattr $C$DW$T$12, DW_AT_encoding(DW_ATE_signed)
     376                            .dwattr $C$DW$T$12, DW_AT_name("long")
     377                            .dwattr $C$DW$T$12, DW_AT_byte_size(0x04)
     378                    $C$DW$T$13      .dwtag  DW_TAG_base_type
     379                            .dwattr $C$DW$T$13, DW_AT_encoding(DW_ATE_unsigned)
     380                            .dwattr $C$DW$T$13, DW_AT_name("unsigned long")
     381                            .dwattr $C$DW$T$13, DW_AT_byte_size(0x04)
     382                    $C$DW$T$14      .dwtag  DW_TAG_base_type
TI ARM Assembler PC v5.2.4 Thu Sep 17 23:20:50 2015

Tools Copyright (c) 1996-2015 Texas Instruments Incorporated
pll.asm                                                              PAGE    8

     383                            .dwattr $C$DW$T$14, DW_AT_encoding(DW_ATE_signed)
     384                            .dwattr $C$DW$T$14, DW_AT_name("long long")
     385                            .dwattr $C$DW$T$14, DW_AT_byte_size(0x08)
     386                    $C$DW$T$42      .dwtag  DW_TAG_typedef, DW_AT_name("int64_t")
     387                            .dwattr $C$DW$T$42, DW_AT_type(*$C$DW$T$14)
     388                            .dwattr $C$DW$T$42, DW_AT_language(DW_LANG_C)
     389                            .dwattr $C$DW$T$42, DW_AT_decl_file("C:/ti/ccsv6/tools/compiler/ti-cgt-arm_5.2.4/include/stdin
     390                            .dwattr $C$DW$T$42, DW_AT_decl_line(0x32)
     391                            .dwattr $C$DW$T$42, DW_AT_decl_column(0x21)
     392                    $C$DW$T$43      .dwtag  DW_TAG_typedef, DW_AT_name("int_fast64_t")
     393                            .dwattr $C$DW$T$43, DW_AT_type(*$C$DW$T$42)
     394                            .dwattr $C$DW$T$43, DW_AT_language(DW_LANG_C)
     395                            .dwattr $C$DW$T$43, DW_AT_decl_file("C:/ti/ccsv6/tools/compiler/ti-cgt-arm_5.2.4/include/stdin
     396                            .dwattr $C$DW$T$43, DW_AT_decl_line(0x4e)
     397                            .dwattr $C$DW$T$43, DW_AT_decl_column(0x17)
     398                    $C$DW$T$44      .dwtag  DW_TAG_typedef, DW_AT_name("int_least64_t")
     399                            .dwattr $C$DW$T$44, DW_AT_type(*$C$DW$T$42)
     400                            .dwattr $C$DW$T$44, DW_AT_language(DW_LANG_C)
     401                            .dwattr $C$DW$T$44, DW_AT_decl_file("C:/ti/ccsv6/tools/compiler/ti-cgt-arm_5.2.4/include/stdin
     402                            .dwattr $C$DW$T$44, DW_AT_decl_line(0x40)
     403                            .dwattr $C$DW$T$44, DW_AT_decl_column(0x17)
     404                    $C$DW$T$45      .dwtag  DW_TAG_typedef, DW_AT_name("intmax_t")
     405                            .dwattr $C$DW$T$45, DW_AT_type(*$C$DW$T$14)
     406                            .dwattr $C$DW$T$45, DW_AT_language(DW_LANG_C)
     407                            .dwattr $C$DW$T$45, DW_AT_decl_file("C:/ti/ccsv6/tools/compiler/ti-cgt-arm_5.2.4/include/stdin
     408                            .dwattr $C$DW$T$45, DW_AT_decl_line(0x56)
     409                            .dwattr $C$DW$T$45, DW_AT_decl_column(0x20)
     410                    $C$DW$T$15      .dwtag  DW_TAG_base_type
     411                            .dwattr $C$DW$T$15, DW_AT_encoding(DW_ATE_unsigned)
     412                            .dwattr $C$DW$T$15, DW_AT_name("unsigned long long")
     413                            .dwattr $C$DW$T$15, DW_AT_byte_size(0x08)
     414                    $C$DW$T$46      .dwtag  DW_TAG_typedef, DW_AT_name("uint64_t")
     415                            .dwattr $C$DW$T$46, DW_AT_type(*$C$DW$T$15)
     416                            .dwattr $C$DW$T$46, DW_AT_language(DW_LANG_C)
     417                            .dwattr $C$DW$T$46, DW_AT_decl_file("C:/ti/ccsv6/tools/compiler/ti-cgt-arm_5.2.4/include/stdin
     418                            .dwattr $C$DW$T$46, DW_AT_decl_line(0x33)
     419                            .dwattr $C$DW$T$46, DW_AT_decl_column(0x20)
     420                    $C$DW$T$47      .dwtag  DW_TAG_typedef, DW_AT_name("uint_fast64_t")
     421                            .dwattr $C$DW$T$47, DW_AT_type(*$C$DW$T$46)
     422                            .dwattr $C$DW$T$47, DW_AT_language(DW_LANG_C)
     423                            .dwattr $C$DW$T$47, DW_AT_decl_file("C:/ti/ccsv6/tools/compiler/ti-cgt-arm_5.2.4/include/stdin
     424                            .dwattr $C$DW$T$47, DW_AT_decl_line(0x4f)
     425                            .dwattr $C$DW$T$47, DW_AT_decl_column(0x16)
     426                    $C$DW$T$48      .dwtag  DW_TAG_typedef, DW_AT_name("uint_least64_t")
     427                            .dwattr $C$DW$T$48, DW_AT_type(*$C$DW$T$46)
     428                            .dwattr $C$DW$T$48, DW_AT_language(DW_LANG_C)
     429                            .dwattr $C$DW$T$48, DW_AT_decl_file("C:/ti/ccsv6/tools/compiler/ti-cgt-arm_5.2.4/include/stdin
     430                            .dwattr $C$DW$T$48, DW_AT_decl_line(0x41)
     431                            .dwattr $C$DW$T$48, DW_AT_decl_column(0x16)
     432                    $C$DW$T$49      .dwtag  DW_TAG_typedef, DW_AT_name("uintmax_t")
     433                            .dwattr $C$DW$T$49, DW_AT_type(*$C$DW$T$15)
     434                            .dwattr $C$DW$T$49, DW_AT_language(DW_LANG_C)
     435                            .dwattr $C$DW$T$49, DW_AT_decl_file("C:/ti/ccsv6/tools/compiler/ti-cgt-arm_5.2.4/include/stdin
     436                            .dwattr $C$DW$T$49, DW_AT_decl_line(0x57)
     437                            .dwattr $C$DW$T$49, DW_AT_decl_column(0x20)
TI ARM Assembler PC v5.2.4 Thu Sep 17 23:20:50 2015

Tools Copyright (c) 1996-2015 Texas Instruments Incorporated
pll.asm                                                              PAGE    9

     438                    $C$DW$T$16      .dwtag  DW_TAG_base_type
     439                            .dwattr $C$DW$T$16, DW_AT_encoding(DW_ATE_float)
     440                            .dwattr $C$DW$T$16, DW_AT_name("float")
     441                            .dwattr $C$DW$T$16, DW_AT_byte_size(0x04)
     442                    $C$DW$T$17      .dwtag  DW_TAG_base_type
     443                            .dwattr $C$DW$T$17, DW_AT_encoding(DW_ATE_float)
     444                            .dwattr $C$DW$T$17, DW_AT_name("double")
     445                            .dwattr $C$DW$T$17, DW_AT_byte_size(0x08)
     446                    $C$DW$T$18      .dwtag  DW_TAG_base_type
     447                            .dwattr $C$DW$T$18, DW_AT_encoding(DW_ATE_float)
     448                            .dwattr $C$DW$T$18, DW_AT_name("long double")
     449                            .dwattr $C$DW$T$18, DW_AT_byte_size(0x08)
     450                    $C$DW$T$51      .dwtag  DW_TAG_pointer_type
     451                            .dwattr $C$DW$T$51, DW_AT_type(*$C$DW$T$6)
     452                            .dwattr $C$DW$T$51, DW_AT_address_class(0x20)
     453                    $C$DW$T$52      .dwtag  DW_TAG_typedef, DW_AT_name("__builtin_va_list")
     454                            .dwattr $C$DW$T$52, DW_AT_type(*$C$DW$T$51)
     455                            .dwattr $C$DW$T$52, DW_AT_language(DW_LANG_C)
     456                            .dwattr $C$DW$T$52, DW_AT_decl_file("../pll.c")
     457                            .dwattr $C$DW$T$52, DW_AT_decl_line(0x48)
     458                            .dwattr $C$DW$T$52, DW_AT_decl_column(0x01)
     459                            .dwattr $C$DW$CU, DW_AT_language(DW_LANG_C)
     460                    
     461                    ;***************************************************************
     462                    ;* DWARF CIE ENTRIES                                           *
     463                    ;***************************************************************
     464                    
     465                    $C$DW$CIE       .dwcie 14
     466                            .dwcfi  cfa_register, 13
     467                            .dwcfi  cfa_offset, 0
     468                            .dwcfi  undefined, 0
     469                            .dwcfi  undefined, 1
     470                            .dwcfi  undefined, 2
     471                            .dwcfi  undefined, 3
     472                            .dwcfi  same_value, 4
     473                            .dwcfi  same_value, 5
     474                            .dwcfi  same_value, 6
     475                            .dwcfi  same_value, 7
     476                            .dwcfi  same_value, 8
     477                            .dwcfi  same_value, 9
     478                            .dwcfi  same_value, 10
     479                            .dwcfi  same_value, 11
     480                            .dwcfi  undefined, 12
     481                            .dwcfi  undefined, 13
     482                            .dwcfi  undefined, 14
     483                            .dwcfi  undefined, 14
     484                            .dwcfi  undefined, 7
     485                            .dwcfi  undefined, 64
     486                            .dwcfi  undefined, 65
     487                            .dwcfi  undefined, 66
     488                            .dwcfi  undefined, 67
     489                            .dwcfi  undefined, 68
     490                            .dwcfi  undefined, 69
     491                            .dwcfi  undefined, 70
     492                            .dwcfi  undefined, 71
TI ARM Assembler PC v5.2.4 Thu Sep 17 23:20:50 2015

Tools Copyright (c) 1996-2015 Texas Instruments Incorporated
pll.asm                                                              PAGE   10

     493                            .dwcfi  undefined, 72
     494                            .dwcfi  undefined, 73
     495                            .dwcfi  undefined, 74
     496                            .dwcfi  undefined, 75
     497                            .dwcfi  undefined, 76
     498                            .dwcfi  undefined, 77
     499                            .dwcfi  undefined, 78
     500                            .dwcfi  undefined, 79
     501                            .dwcfi  same_value, 80
     502                            .dwcfi  same_value, 81
     503                            .dwcfi  same_value, 82
     504                            .dwcfi  same_value, 83
     505                            .dwcfi  same_value, 84
     506                            .dwcfi  same_value, 85
     507                            .dwcfi  same_value, 86
     508                            .dwcfi  same_value, 87
     509                            .dwcfi  same_value, 88
     510                            .dwcfi  same_value, 89
     511                            .dwcfi  same_value, 90
     512                            .dwcfi  same_value, 91
     513                            .dwcfi  same_value, 92
     514                            .dwcfi  same_value, 93
     515                            .dwcfi  same_value, 94
     516                            .dwcfi  same_value, 95
     517                            .dwendentry
     518                            .dwendtag $C$DW$CU
     519                    

--------------------------
Thumb2 Statistics
--------------------------
Number of Thumb2 ins converted to Thumb = 0 (0%)
Number of Thumb ins in input = 41 (78%)
Number of Thumb2 ins encoded as Thumb2 = 11 (100%)
Number of Thumb2 ins converted to 2 OPND Thumb = 2


No Assembly Errors, No Assembly Warnings
