TI ARM Assembler PC v5.2.4 Mon Jun 29 08:38:11 2015

Tools Copyright (c) 1996-2015 Texas Instruments Incorporated
SysTick.asm                                                          PAGE    1

       1                    ;******************************************************************************
       2                    ;* TI ARM C/C++ Codegen                                             PC v5.2.4 *
       3                    ;* Date/Time created: Mon Jun 29 08:38:11 2015                                *
       4                    ;******************************************************************************
       5                            .compiler_opts --abi=eabi --arm_vmrs_si_workaround=off --code_state=16 --diag_wrap=off --disab
       6 00000000                   .thumb
       7                    
       8                    $C$DW$CU        .dwtag  DW_TAG_compile_unit
       9                            .dwattr $C$DW$CU, DW_AT_name("../SysTick.c")
      10                            .dwattr $C$DW$CU, DW_AT_producer("TI TI ARM C/C++ Codegen PC v5.2.4 Copyright (c) 1996-2015 Te
      11                            .dwattr $C$DW$CU, DW_AT_TI_version(0x01)
      12                            .dwattr $C$DW$CU, DW_AT_comp_dir("C:\Dropbox\ArmBook\LaunchPad\ValvanoWareTM4C123\Switch_4C123
      13                    ;       C:\ti\ccsv6\tools\compiler\ti-cgt-arm_5.2.4\bin\armacpia.exe -@C:\\Users\\VALVAN~1\\AppData\\L
      14 00000000                   .sect   ".text"
      15                            .clink
      16                            .thumbfunc SysTick_Init
      17 00000000                   .thumb
      18                            .global SysTick_Init
      19                    
      20                    $C$DW$1 .dwtag  DW_TAG_subprogram, DW_AT_name("SysTick_Init")
      21                            .dwattr $C$DW$1, DW_AT_low_pc(SysTick_Init)
      22                            .dwattr $C$DW$1, DW_AT_high_pc(0x00)
      23                            .dwattr $C$DW$1, DW_AT_TI_symbol_name("SysTick_Init")
      24                            .dwattr $C$DW$1, DW_AT_external
      25                            .dwattr $C$DW$1, DW_AT_TI_begin_file("../SysTick.c")
      26                            .dwattr $C$DW$1, DW_AT_TI_begin_line(0x2c)
      27                            .dwattr $C$DW$1, DW_AT_TI_begin_column(0x06)
      28                            .dwattr $C$DW$1, DW_AT_decl_file("../SysTick.c")
      29                            .dwattr $C$DW$1, DW_AT_decl_line(0x2c)
      30                            .dwattr $C$DW$1, DW_AT_decl_column(0x06)
      31                            .dwattr $C$DW$1, DW_AT_TI_max_frame_size(0x00)
      32                            .dwpsn  file "../SysTick.c",line 44,column 24,is_stmt,address SysTick_Init,isa 1
      33                    
      34                            .dwfde $C$DW$CIE, SysTick_Init
      35                    ;----------------------------------------------------------------------
      36                    ;  44 | void SysTick_Init(void){                                               
      37                    ;----------------------------------------------------------------------
      38                    
      39                    ;*****************************************************************************
      40                    ;* FUNCTION NAME: SysTick_Init                                               *
      41                    ;*                                                                           *
      42                    ;*   Regs Modified     : A1,A2,SR                                            *
      43                    ;*   Regs Used         : A1,A2,LR,SR                                         *
      44                    ;*   Local Frame Size  : 0 Args + 0 Auto + 0 Save = 0 byte                   *
      45                    ;*****************************************************************************
      46 00000000           SysTick_Init:
      47                    ;* --------------------------------------------------------------------------*
      48                            .dwcfi  cfa_offset, 0
      49                            .dwpsn  file "../SysTick.c",line 45,column 3,is_stmt,isa 1
      50                    ;----------------------------------------------------------------------
      51                    ;  45 | NVIC_ST_CTRL_R = 0;                   // disable SysTick during setup  
      52                    ;----------------------------------------------------------------------
      53 00000000 4919              LDR       A2, $C$CON1           ; [DPU_3_PIPE] |45|  ; [ORIG 16-BIT INS]
      54 00000002 2000              MOVS      A1, #0                ; [DPU_3_PIPE] |45|  ; [ORIG 16-BIT INS]
      55 00000004 6008              STR       A1, [A2, #0]          ; [DPU_3_PIPE] |45|  ; [ORIG 16-BIT INS]
TI ARM Assembler PC v5.2.4 Mon Jun 29 08:38:11 2015

Tools Copyright (c) 1996-2015 Texas Instruments Incorporated
SysTick.asm                                                          PAGE    2

      56                            .dwpsn  file "../SysTick.c",line 46,column 3,is_stmt,isa 1
      57                    ;----------------------------------------------------------------------
      58                    ;  46 | NVIC_ST_RELOAD_R = NVIC_ST_RELOAD_M;  // maximum reload value          
      59                    ;----------------------------------------------------------------------
      60 00000006 4919              LDR       A2, $C$CON2           ; [DPU_3_PIPE] |46|  ; [ORIG 16-BIT INS]
      61 00000008 407FF06F          MVN       A1, #-16777216        ; [DPU_3_PIPE] |46|  ; [KEEP 32-BIT INS]
      62 0000000c 6008              STR       A1, [A2, #0]          ; [DPU_3_PIPE] |46|  ; [ORIG 16-BIT INS]
      63                            .dwpsn  file "../SysTick.c",line 47,column 3,is_stmt,isa 1
      64                    ;----------------------------------------------------------------------
      65                    ;  47 | NVIC_ST_CURRENT_R = 0;                // any write to current clears it
      66                    ;  48 |                                       // enable SysTick with core clock
      67                    ;----------------------------------------------------------------------
      68 0000000e 4918              LDR       A2, $C$CON3           ; [DPU_3_PIPE] |47|  ; [ORIG 16-BIT INS]
      69 00000010 2000              MOVS      A1, #0                ; [DPU_3_PIPE] |47|  ; [ORIG 16-BIT INS]
      70 00000012 6008              STR       A1, [A2, #0]          ; [DPU_3_PIPE] |47|  ; [ORIG 16-BIT INS]
      71                            .dwpsn  file "../SysTick.c",line 49,column 3,is_stmt,isa 1
      72                    ;----------------------------------------------------------------------
      73                    ;  49 | NVIC_ST_CTRL_R = NVIC_ST_CTRL_ENABLE+NVIC_ST_CTRL_CLK_SRC;             
      74                    ;----------------------------------------------------------------------
      75 00000014 4914              LDR       A2, $C$CON1           ; [DPU_3_PIPE] |49|  ; [ORIG 16-BIT INS]
      76 00000016 2005              MOVS      A1, #5                ; [DPU_3_PIPE] |49|  ; [ORIG 16-BIT INS]
      77 00000018 6008              STR       A1, [A2, #0]          ; [DPU_3_PIPE] |49|  ; [ORIG 16-BIT INS]
      78                            .dwpsn  file "../SysTick.c",line 50,column 1,is_stmt,isa 1
      79                    $C$DW$2 .dwtag  DW_TAG_TI_branch
      80                            .dwattr $C$DW$2, DW_AT_low_pc(0x00)
      81                            .dwattr $C$DW$2, DW_AT_TI_return
      82 0000001a 4770              BX        LR                    ; [DPU_3_PIPE]  ; [ORIG 16-BIT INS]
      83                            ; BRANCH OCCURS                  ; [] 
      84                            .dwattr $C$DW$1, DW_AT_TI_end_file("../SysTick.c")
      85                            .dwattr $C$DW$1, DW_AT_TI_end_line(0x32)
      86                            .dwattr $C$DW$1, DW_AT_TI_end_column(0x01)
      87                            .dwendentry
      88                            .dwendtag $C$DW$1
      89                    
      90 0000001c                   .sect   ".text"
      91                            .clink
      92                            .thumbfunc SysTick_Wait
      93 0000001c                   .thumb
      94                            .global SysTick_Wait
      95                    
      96                    $C$DW$3 .dwtag  DW_TAG_subprogram, DW_AT_name("SysTick_Wait")
      97                            .dwattr $C$DW$3, DW_AT_low_pc(SysTick_Wait)
      98                            .dwattr $C$DW$3, DW_AT_high_pc(0x00)
      99                            .dwattr $C$DW$3, DW_AT_TI_symbol_name("SysTick_Wait")
     100                            .dwattr $C$DW$3, DW_AT_external
     101                            .dwattr $C$DW$3, DW_AT_TI_begin_file("../SysTick.c")
     102                            .dwattr $C$DW$3, DW_AT_TI_begin_line(0x35)
     103                            .dwattr $C$DW$3, DW_AT_TI_begin_column(0x06)
     104                            .dwattr $C$DW$3, DW_AT_decl_file("../SysTick.c")
     105                            .dwattr $C$DW$3, DW_AT_decl_line(0x35)
     106                            .dwattr $C$DW$3, DW_AT_decl_column(0x06)
     107                            .dwattr $C$DW$3, DW_AT_TI_max_frame_size(0x10)
     108                            .dwpsn  file "../SysTick.c",line 53,column 34,is_stmt,address SysTick_Wait,isa 1
     109                    
     110                            .dwfde $C$DW$CIE, SysTick_Wait
TI ARM Assembler PC v5.2.4 Mon Jun 29 08:38:11 2015

Tools Copyright (c) 1996-2015 Texas Instruments Incorporated
SysTick.asm                                                          PAGE    3

     111                    $C$DW$4 .dwtag  DW_TAG_formal_parameter, DW_AT_name("delay")
     112                            .dwattr $C$DW$4, DW_AT_TI_symbol_name("delay")
     113                            .dwattr $C$DW$4, DW_AT_type(*$C$DW$T$20)
     114                            .dwattr $C$DW$4, DW_AT_location[DW_OP_reg0]
     115                    
     116                    ;*****************************************************************************
     117                    ;* FUNCTION NAME: SysTick_Wait                                               *
     118                    ;*                                                                           *
     119                    ;*   Regs Modified     : A1,A2,SP,SR                                         *
     120                    ;*   Regs Used         : A1,A2,SP,LR,SR                                      *
     121                    ;*   Local Frame Size  : 0 Args + 12 Auto + 0 Save = 12 byte                 *
     122                    ;*****************************************************************************
     123 0000001c           SysTick_Wait:
     124                    ;* --------------------------------------------------------------------------*
     125                            .dwcfi  cfa_offset, 0
     126 0000001c 0D10F1AD          SUB       SP, SP, #16           ; [DPU_3_PIPE]  ; [KEEP 32-BIT INS]
     127                            .dwcfi  cfa_offset, 16
     128                    $C$DW$5 .dwtag  DW_TAG_variable, DW_AT_name("delay")
     129                            .dwattr $C$DW$5, DW_AT_TI_symbol_name("delay")
     130                            .dwattr $C$DW$5, DW_AT_type(*$C$DW$T$20)
     131                            .dwattr $C$DW$5, DW_AT_location[DW_OP_breg13 0]
     132                    $C$DW$6 .dwtag  DW_TAG_variable, DW_AT_name("elapsedTime")
     133                            .dwattr $C$DW$6, DW_AT_TI_symbol_name("elapsedTime")
     134                            .dwattr $C$DW$6, DW_AT_type(*$C$DW$T$37)
     135                            .dwattr $C$DW$6, DW_AT_location[DW_OP_breg13 4]
     136                    $C$DW$7 .dwtag  DW_TAG_variable, DW_AT_name("startTime")
     137                            .dwattr $C$DW$7, DW_AT_TI_symbol_name("startTime")
     138                            .dwattr $C$DW$7, DW_AT_type(*$C$DW$T$20)
     139                            .dwattr $C$DW$7, DW_AT_location[DW_OP_breg13 8]
     140                    ;----------------------------------------------------------------------
     141                    ;  53 | void SysTick_Wait(uint32_t delay){                                     
     142                    ;  54 | volatile uint32_t elapsedTime;                                         
     143                    ;----------------------------------------------------------------------
     144 00000020 9000              STR       A1, [SP, #0]          ; [DPU_3_PIPE] |53|  ; [ORIG 16-BIT INS]
     145                            .dwpsn  file "../SysTick.c",line 55,column 22,is_stmt,isa 1
     146                    ;----------------------------------------------------------------------
     147                    ;  55 | uint32_t startTime = NVIC_ST_CURRENT_R;                                
     148                    ;  56 | do{                                                                    
     149                    ;----------------------------------------------------------------------
     150 00000022 4813              LDR       A1, $C$CON3           ; [DPU_3_PIPE] |55|  ; [ORIG 16-BIT INS]
     151 00000024 6800              LDR       A1, [A1, #0]          ; [DPU_3_PIPE] |55|  ; [ORIG 16-BIT INS]
     152 00000026 9002              STR       A1, [SP, #8]          ; [DPU_3_PIPE] |55|  ; [ORIG 16-BIT INS]
     153                    ;* --------------------------------------------------------------------------*
     154                    ;*   BEGIN LOOP ||$C$L1||
     155                    ;*
     156                    ;*   Loop source line                : 56
     157                    ;*   Loop closing brace source line  : 58
     158                    ;*   Known Minimum Trip Count        : 1
     159                    ;*   Known Maximum Trip Count        : 4294967295
     160                    ;*   Known Max Trip Count Factor     : 1
     161                    ;* --------------------------------------------------------------------------*
     162 00000028           ||$C$L1||:    
     163                            .dwpsn  file "../SysTick.c",line 57,column 5,is_stmt,isa 1
     164                    ;----------------------------------------------------------------------
     165                    ;  57 | elapsedTime = (startTime-NVIC_ST_CURRENT_R)&0x00FFFFFF;                
TI ARM Assembler PC v5.2.4 Mon Jun 29 08:38:11 2015

Tools Copyright (c) 1996-2015 Texas Instruments Incorporated
SysTick.asm                                                          PAGE    4

     166                    ;----------------------------------------------------------------------
     167 00000028 4911              LDR       A2, $C$CON3           ; [DPU_3_PIPE] |57|  ; [ORIG 16-BIT INS]
     168 0000002a 9802              LDR       A1, [SP, #8]          ; [DPU_3_PIPE] |57|  ; [ORIG 16-BIT INS]
     169 0000002c 6809              LDR       A2, [A2, #0]          ; [DPU_3_PIPE] |57|  ; [ORIG 16-BIT INS]
     170 0000002e 1A40              SUBS      A1, A1, A2            ; [DPU_3_PIPE] |57|  ; [ORIG 16-BIT INS]
     171 00000030 407FF020          BIC       A1, A1, #-16777216    ; [DPU_3_PIPE] |57|  ; [KEEP 32-BIT INS]
     172 00000034 9001              STR       A1, [SP, #4]          ; [DPU_3_PIPE] |57|  ; [ORIG 16-BIT INS]
     173                            .dwpsn  file "../SysTick.c",line 59,column 9,is_stmt,isa 1
     174                    ;----------------------------------------------------------------------
     175                    ;  59 | while(elapsedTime <= delay);                                           
     176                    ;----------------------------------------------------------------------
     177 00000036 9800              LDR       A1, [SP, #0]          ; [DPU_3_PIPE] |59|  ; [ORIG 16-BIT INS]
     178 00000038 9901              LDR       A2, [SP, #4]          ; [DPU_3_PIPE] |59|  ; [ORIG 16-BIT INS]
     179 0000003a 4288              CMP       A1, A2                ; [DPU_3_PIPE] |59|  ; [ORIG 16-BIT INS]
     180 0000003c D2F4              BCS       ||$C$L1||             ; [DPU_3_PIPE] |59|  ; [ORIG 16-BIT INS]
     181                            ; BRANCHCC OCCURS {||$C$L1||}    ; [] |59| 
     182                    ;* --------------------------------------------------------------------------*
     183                            .dwpsn  file "../SysTick.c",line 60,column 1,is_stmt,isa 1
     184 0000003e B004              ADD       SP, SP, #16           ; [DPU_3_PIPE]  ; [ORIG 16-BIT INS]
     185                            .dwcfi  cfa_offset, 0
     186                    $C$DW$8 .dwtag  DW_TAG_TI_branch
     187                            .dwattr $C$DW$8, DW_AT_low_pc(0x00)
     188                            .dwattr $C$DW$8, DW_AT_TI_return
     189 00000040 4770              BX        LR                    ; [DPU_3_PIPE]  ; [ORIG 16-BIT INS]
     190                            ; BRANCH OCCURS                  ; [] 
     191                            .dwattr $C$DW$3, DW_AT_TI_end_file("../SysTick.c")
     192                            .dwattr $C$DW$3, DW_AT_TI_end_line(0x3c)
     193                            .dwattr $C$DW$3, DW_AT_TI_end_column(0x01)
     194                            .dwendentry
     195                            .dwendtag $C$DW$3
     196                    
     197 00000042                   .sect   ".text"
     198                            .clink
     199                            .thumbfunc SysTick_Wait10ms
     200 00000042                   .thumb
     201                            .global SysTick_Wait10ms
     202                    
     203                    $C$DW$9 .dwtag  DW_TAG_subprogram, DW_AT_name("SysTick_Wait10ms")
     204                            .dwattr $C$DW$9, DW_AT_low_pc(SysTick_Wait10ms)
     205                            .dwattr $C$DW$9, DW_AT_high_pc(0x00)
     206                            .dwattr $C$DW$9, DW_AT_TI_symbol_name("SysTick_Wait10ms")
     207                            .dwattr $C$DW$9, DW_AT_external
     208                            .dwattr $C$DW$9, DW_AT_TI_begin_file("../SysTick.c")
     209                            .dwattr $C$DW$9, DW_AT_TI_begin_line(0x3f)
     210                            .dwattr $C$DW$9, DW_AT_TI_begin_column(0x06)
     211                            .dwattr $C$DW$9, DW_AT_decl_file("../SysTick.c")
     212                            .dwattr $C$DW$9, DW_AT_decl_line(0x3f)
     213                            .dwattr $C$DW$9, DW_AT_decl_column(0x06)
     214                            .dwattr $C$DW$9, DW_AT_TI_max_frame_size(0x10)
     215                            .dwpsn  file "../SysTick.c",line 63,column 38,is_stmt,address SysTick_Wait10ms,isa 1
     216                    
     217                            .dwfde $C$DW$CIE, SysTick_Wait10ms
     218                    $C$DW$10        .dwtag  DW_TAG_formal_parameter, DW_AT_name("delay")
     219                            .dwattr $C$DW$10, DW_AT_TI_symbol_name("delay")
     220                            .dwattr $C$DW$10, DW_AT_type(*$C$DW$T$20)
TI ARM Assembler PC v5.2.4 Mon Jun 29 08:38:11 2015

Tools Copyright (c) 1996-2015 Texas Instruments Incorporated
SysTick.asm                                                          PAGE    5

     221                            .dwattr $C$DW$10, DW_AT_location[DW_OP_reg0]
     222                    
     223                    ;*****************************************************************************
     224                    ;* FUNCTION NAME: SysTick_Wait10ms                                           *
     225                    ;*                                                                           *
     226                    ;*   Regs Modified     : A1,A2,A3,A4,SP,LR,SR,FPEXC,FPSCR                    *
     227                    ;*   Regs Used         : A1,A2,A3,A4,SP,LR,SR,FPEXC,FPSCR                    *
     228                    ;*   Local Frame Size  : 0 Args + 8 Auto + 4 Save = 12 byte                  *
     229                    ;*****************************************************************************
     230 00000042           SysTick_Wait10ms:
     231                    ;* --------------------------------------------------------------------------*
     232                            .dwcfi  cfa_offset, 0
     233 00000042 B50E              PUSH      {A2, A3, A4, LR}      ; [DPU_3_PIPE]  ; [ORIG 16-BIT INS]
     234                            .dwcfi  cfa_offset, 16
     235                            .dwcfi  save_reg_to_mem, 14, -4
     236                            .dwcfi  save_reg_to_mem, 3, -8
     237                            .dwcfi  save_reg_to_mem, 2, -12
     238                            .dwcfi  save_reg_to_mem, 1, -16
     239                    $C$DW$11        .dwtag  DW_TAG_variable, DW_AT_name("delay")
     240                            .dwattr $C$DW$11, DW_AT_TI_symbol_name("delay")
     241                            .dwattr $C$DW$11, DW_AT_type(*$C$DW$T$20)
     242                            .dwattr $C$DW$11, DW_AT_location[DW_OP_breg13 0]
     243                    $C$DW$12        .dwtag  DW_TAG_variable, DW_AT_name("i")
     244                            .dwattr $C$DW$12, DW_AT_TI_symbol_name("i")
     245                            .dwattr $C$DW$12, DW_AT_type(*$C$DW$T$20)
     246                            .dwattr $C$DW$12, DW_AT_location[DW_OP_breg13 4]
     247                    ;----------------------------------------------------------------------
     248                    ;  63 | void SysTick_Wait10ms(uint32_t delay){                                 
     249                    ;  64 | uint32_t i;                                                            
     250                    ;----------------------------------------------------------------------
     251 00000044 9000              STR       A1, [SP, #0]          ; [DPU_3_PIPE] |63|  ; [ORIG 16-BIT INS]
     252                            .dwpsn  file "../SysTick.c",line 65,column 7,is_stmt,isa 1
     253                    ;----------------------------------------------------------------------
     254                    ;  65 | for(i=0; i<delay; i++){                                                
     255                    ;----------------------------------------------------------------------
     256 00000046 2000              MOVS      A1, #0                ; [DPU_3_PIPE] |65|  ; [ORIG 16-BIT INS]
     257 00000048 9001              STR       A1, [SP, #4]          ; [DPU_3_PIPE] |65|  ; [ORIG 16-BIT INS]
     258                            .dwpsn  file "../SysTick.c",line 65,column 12,is_stmt,isa 1
     259 0000004a 9901              LDR       A2, [SP, #4]          ; [DPU_3_PIPE] |65|  ; [ORIG 16-BIT INS]
     260 0000004c 9800              LDR       A1, [SP, #0]          ; [DPU_3_PIPE] |65|  ; [ORIG 16-BIT INS]
     261 0000004e 4288              CMP       A1, A2                ; [DPU_3_PIPE] |65|  ; [ORIG 16-BIT INS]
     262 00000050 D909              BLS       ||$C$L3||             ; [DPU_3_PIPE] |65|  ; [ORIG 16-BIT INS]
     263                            ; BRANCHCC OCCURS {||$C$L3||}    ; [] |65| 
     264                    ;* --------------------------------------------------------------------------*
     265                    ;*   BEGIN LOOP ||$C$L2||
     266                    ;*
     267                    ;*   Loop source line                : 65
     268                    ;*   Loop closing brace source line  : 67
     269                    ;*   Known Minimum Trip Count        : 1
     270                    ;*   Known Maximum Trip Count        : 4294967295
     271                    ;*   Known Max Trip Count Factor     : 1
     272                    ;* --------------------------------------------------------------------------*
     273 00000052           ||$C$L2||:    
     274                            .dwpsn  file "../SysTick.c",line 66,column 5,is_stmt,isa 1
     275                    ;----------------------------------------------------------------------
TI ARM Assembler PC v5.2.4 Mon Jun 29 08:38:11 2015

Tools Copyright (c) 1996-2015 Texas Instruments Incorporated
SysTick.asm                                                          PAGE    6

     276                    ;  66 | SysTick_Wait(160000);  // wait 10ms (assumes 16 MHz clock)             
     277                    ;----------------------------------------------------------------------
     278 00000052 4808              LDR       A1, $C$CON4           ; [DPU_3_PIPE] |66|  ; [ORIG 16-BIT INS]
     279                    $C$DW$13        .dwtag  DW_TAG_TI_branch
     280                            .dwattr $C$DW$13, DW_AT_low_pc(0x00)
     281                            .dwattr $C$DW$13, DW_AT_name("SysTick_Wait")
     282                            .dwattr $C$DW$13, DW_AT_TI_call
     283 00000054 FFE2F7FF          BL        SysTick_Wait          ; [DPU_3_PIPE] |66|  ; [KEEP 32-BIT INS]
     284                            ; CALL OCCURS {SysTick_Wait }    ; [] |66| 
     285                            .dwpsn  file "../SysTick.c",line 65,column 21,is_stmt,isa 1
     286 00000058 9801              LDR       A1, [SP, #4]          ; [DPU_3_PIPE] |65|  ; [ORIG 16-BIT INS]
     287 0000005a 1C40              ADDS      A1, A1, #1            ; [DPU_3_PIPE] |65|  ; [ORIG 16-BIT INS]
     288 0000005c 9001              STR       A1, [SP, #4]          ; [DPU_3_PIPE] |65|  ; [ORIG 16-BIT INS]
     289                            .dwpsn  file "../SysTick.c",line 65,column 12,is_stmt,isa 1
     290 0000005e 9800              LDR       A1, [SP, #0]          ; [DPU_3_PIPE] |65|  ; [ORIG 16-BIT INS]
     291 00000060 9901              LDR       A2, [SP, #4]          ; [DPU_3_PIPE] |65|  ; [ORIG 16-BIT INS]
     292 00000062 4288              CMP       A1, A2                ; [DPU_3_PIPE] |65|  ; [ORIG 16-BIT INS]
     293 00000064 D8F5              BHI       ||$C$L2||             ; [DPU_3_PIPE] |65|  ; [ORIG 16-BIT INS]
     294                            ; BRANCHCC OCCURS {||$C$L2||}    ; [] |65| 
     295                    ;* --------------------------------------------------------------------------*
     296                            .dwpsn  file "../SysTick.c",line 68,column 1,is_stmt,isa 1
     297                    ;* --------------------------------------------------------------------------*
     298                    ||$C$L3||:    
     299                    $C$DW$14        .dwtag  DW_TAG_TI_branch
     300                            .dwattr $C$DW$14, DW_AT_low_pc(0x00)
     301                            .dwattr $C$DW$14, DW_AT_TI_return
     302 00000066 BD0E              POP       {A2, A3, A4, PC}      ; [DPU_3_PIPE]  ; [ORIG 16-BIT INS]
     303                            .dwcfi  cfa_offset, 0
     304                            ; BRANCH OCCURS                  ; [] 
     305                            .dwattr $C$DW$9, DW_AT_TI_end_file("../SysTick.c")
     306                            .dwattr $C$DW$9, DW_AT_TI_end_line(0x44)
     307                            .dwattr $C$DW$9, DW_AT_TI_end_column(0x01)
     308                            .dwendentry
     309                            .dwendtag $C$DW$9
     310                    
     311                    ;******************************************************************************
     312                    ;* CONSTANT TABLE                                                             *
     313                    ;******************************************************************************
     314 00000068                   .sect   ".text"
     315                            .align  4
     316 00000068 E000E010  ||$C$CON1||:    .bits   -536813552,32
     317                            .align  4
     318 0000006c E000E014  ||$C$CON2||:    .bits   -536813548,32
     319                            .align  4
     320 00000070 E000E018  ||$C$CON3||:    .bits   -536813544,32
     321                            .align  4
     322 00000074 00027100  ||$C$CON4||:    .bits   160000,32
     323                    
     324                    ;******************************************************************************
     325                    ;* BUILD ATTRIBUTES                                                           *
     326                    ;******************************************************************************
     327                            .battr "aeabi", Tag_File, 1, Tag_ABI_PCS_wchar_t(2)
     328                            .battr "aeabi", Tag_File, 1, Tag_ABI_FP_rounding(0)
     329                            .battr "aeabi", Tag_File, 1, Tag_ABI_FP_denormal(0)
     330                            .battr "aeabi", Tag_File, 1, Tag_ABI_FP_exceptions(0)
TI ARM Assembler PC v5.2.4 Mon Jun 29 08:38:11 2015

Tools Copyright (c) 1996-2015 Texas Instruments Incorporated
SysTick.asm                                                          PAGE    7

     331                            .battr "aeabi", Tag_File, 1, Tag_ABI_FP_number_model(1)
     332                            .battr "aeabi", Tag_File, 1, Tag_ABI_enum_size(0)
     333                            .battr "aeabi", Tag_File, 1, Tag_ABI_optimization_goals(5)
     334                            .battr "aeabi", Tag_File, 1, Tag_ABI_FP_optimization_goals(0)
     335                            .battr "TI", Tag_File, 1, Tag_Bitfield_layout(2)
     336                            .battr "TI", Tag_File, 1, Tag_FP_interface(1)
     337                    
     338                    ;******************************************************************************
     339                    ;* TYPE INFORMATION                                                           *
     340                    ;******************************************************************************
     341                    $C$DW$T$2       .dwtag  DW_TAG_unspecified_type
     342                            .dwattr $C$DW$T$2, DW_AT_name("void")
     343                    $C$DW$T$4       .dwtag  DW_TAG_base_type
     344                            .dwattr $C$DW$T$4, DW_AT_encoding(DW_ATE_boolean)
     345                            .dwattr $C$DW$T$4, DW_AT_name("bool")
     346                            .dwattr $C$DW$T$4, DW_AT_byte_size(0x01)
     347                    $C$DW$T$5       .dwtag  DW_TAG_base_type
     348                            .dwattr $C$DW$T$5, DW_AT_encoding(DW_ATE_signed_char)
     349                            .dwattr $C$DW$T$5, DW_AT_name("signed char")
     350                            .dwattr $C$DW$T$5, DW_AT_byte_size(0x01)
     351                    $C$DW$T$23      .dwtag  DW_TAG_typedef, DW_AT_name("int8_t")
     352                            .dwattr $C$DW$T$23, DW_AT_type(*$C$DW$T$5)
     353                            .dwattr $C$DW$T$23, DW_AT_language(DW_LANG_C)
     354                            .dwattr $C$DW$T$23, DW_AT_decl_file("C:/ti/ccsv6/tools/compiler/ti-cgt-arm_5.2.4/include/stdin
     355                            .dwattr $C$DW$T$23, DW_AT_decl_line(0x2a)
     356                            .dwattr $C$DW$T$23, DW_AT_decl_column(0x1d)
     357                    $C$DW$T$24      .dwtag  DW_TAG_typedef, DW_AT_name("int_least8_t")
     358                            .dwattr $C$DW$T$24, DW_AT_type(*$C$DW$T$23)
     359                            .dwattr $C$DW$T$24, DW_AT_language(DW_LANG_C)
     360                            .dwattr $C$DW$T$24, DW_AT_decl_file("C:/ti/ccsv6/tools/compiler/ti-cgt-arm_5.2.4/include/stdin
     361                            .dwattr $C$DW$T$24, DW_AT_decl_line(0x37)
     362                            .dwattr $C$DW$T$24, DW_AT_decl_column(0x17)
     363                    $C$DW$T$6       .dwtag  DW_TAG_base_type
     364                            .dwattr $C$DW$T$6, DW_AT_encoding(DW_ATE_unsigned_char)
     365                            .dwattr $C$DW$T$6, DW_AT_name("unsigned char")
     366                            .dwattr $C$DW$T$6, DW_AT_byte_size(0x01)
     367                    $C$DW$T$25      .dwtag  DW_TAG_typedef, DW_AT_name("uint8_t")
     368                            .dwattr $C$DW$T$25, DW_AT_type(*$C$DW$T$6)
     369                            .dwattr $C$DW$T$25, DW_AT_language(DW_LANG_C)
     370                            .dwattr $C$DW$T$25, DW_AT_decl_file("C:/ti/ccsv6/tools/compiler/ti-cgt-arm_5.2.4/include/stdin
     371                            .dwattr $C$DW$T$25, DW_AT_decl_line(0x2b)
     372                            .dwattr $C$DW$T$25, DW_AT_decl_column(0x1c)
     373                    $C$DW$T$26      .dwtag  DW_TAG_typedef, DW_AT_name("uint_least8_t")
     374                            .dwattr $C$DW$T$26, DW_AT_type(*$C$DW$T$25)
     375                            .dwattr $C$DW$T$26, DW_AT_language(DW_LANG_C)
     376                            .dwattr $C$DW$T$26, DW_AT_decl_file("C:/ti/ccsv6/tools/compiler/ti-cgt-arm_5.2.4/include/stdin
     377                            .dwattr $C$DW$T$26, DW_AT_decl_line(0x38)
     378                            .dwattr $C$DW$T$26, DW_AT_decl_column(0x16)
     379                    $C$DW$T$7       .dwtag  DW_TAG_base_type
     380                            .dwattr $C$DW$T$7, DW_AT_encoding(DW_ATE_signed_char)
     381                            .dwattr $C$DW$T$7, DW_AT_name("wchar_t")
     382                            .dwattr $C$DW$T$7, DW_AT_byte_size(0x02)
     383                    $C$DW$T$8       .dwtag  DW_TAG_base_type
     384                            .dwattr $C$DW$T$8, DW_AT_encoding(DW_ATE_signed)
     385                            .dwattr $C$DW$T$8, DW_AT_name("short")
TI ARM Assembler PC v5.2.4 Mon Jun 29 08:38:11 2015

Tools Copyright (c) 1996-2015 Texas Instruments Incorporated
SysTick.asm                                                          PAGE    8

     386                            .dwattr $C$DW$T$8, DW_AT_byte_size(0x02)
     387                    $C$DW$T$27      .dwtag  DW_TAG_typedef, DW_AT_name("int16_t")
     388                            .dwattr $C$DW$T$27, DW_AT_type(*$C$DW$T$8)
     389                            .dwattr $C$DW$T$27, DW_AT_language(DW_LANG_C)
     390                            .dwattr $C$DW$T$27, DW_AT_decl_file("C:/ti/ccsv6/tools/compiler/ti-cgt-arm_5.2.4/include/stdin
     391                            .dwattr $C$DW$T$27, DW_AT_decl_line(0x2c)
     392                            .dwattr $C$DW$T$27, DW_AT_decl_column(0x1d)
     393                    $C$DW$T$28      .dwtag  DW_TAG_typedef, DW_AT_name("int_least16_t")
     394                            .dwattr $C$DW$T$28, DW_AT_type(*$C$DW$T$27)
     395                            .dwattr $C$DW$T$28, DW_AT_language(DW_LANG_C)
     396                            .dwattr $C$DW$T$28, DW_AT_decl_file("C:/ti/ccsv6/tools/compiler/ti-cgt-arm_5.2.4/include/stdin
     397                            .dwattr $C$DW$T$28, DW_AT_decl_line(0x3a)
     398                            .dwattr $C$DW$T$28, DW_AT_decl_column(0x17)
     399                    $C$DW$T$9       .dwtag  DW_TAG_base_type
     400                            .dwattr $C$DW$T$9, DW_AT_encoding(DW_ATE_unsigned)
     401                            .dwattr $C$DW$T$9, DW_AT_name("unsigned short")
     402                            .dwattr $C$DW$T$9, DW_AT_byte_size(0x02)
     403                    $C$DW$T$29      .dwtag  DW_TAG_typedef, DW_AT_name("uint16_t")
     404                            .dwattr $C$DW$T$29, DW_AT_type(*$C$DW$T$9)
     405                            .dwattr $C$DW$T$29, DW_AT_language(DW_LANG_C)
     406                            .dwattr $C$DW$T$29, DW_AT_decl_file("C:/ti/ccsv6/tools/compiler/ti-cgt-arm_5.2.4/include/stdin
     407                            .dwattr $C$DW$T$29, DW_AT_decl_line(0x2d)
     408                            .dwattr $C$DW$T$29, DW_AT_decl_column(0x1c)
     409                    $C$DW$T$30      .dwtag  DW_TAG_typedef, DW_AT_name("uint_least16_t")
     410                            .dwattr $C$DW$T$30, DW_AT_type(*$C$DW$T$29)
     411                            .dwattr $C$DW$T$30, DW_AT_language(DW_LANG_C)
     412                            .dwattr $C$DW$T$30, DW_AT_decl_file("C:/ti/ccsv6/tools/compiler/ti-cgt-arm_5.2.4/include/stdin
     413                            .dwattr $C$DW$T$30, DW_AT_decl_line(0x3b)
     414                            .dwattr $C$DW$T$30, DW_AT_decl_column(0x16)
     415                    $C$DW$T$10      .dwtag  DW_TAG_base_type
     416                            .dwattr $C$DW$T$10, DW_AT_encoding(DW_ATE_signed)
     417                            .dwattr $C$DW$T$10, DW_AT_name("int")
     418                            .dwattr $C$DW$T$10, DW_AT_byte_size(0x04)
     419                    $C$DW$T$31      .dwtag  DW_TAG_typedef, DW_AT_name("int32_t")
     420                            .dwattr $C$DW$T$31, DW_AT_type(*$C$DW$T$10)
     421                            .dwattr $C$DW$T$31, DW_AT_language(DW_LANG_C)
     422                            .dwattr $C$DW$T$31, DW_AT_decl_file("C:/ti/ccsv6/tools/compiler/ti-cgt-arm_5.2.4/include/stdin
     423                            .dwattr $C$DW$T$31, DW_AT_decl_line(0x2e)
     424                            .dwattr $C$DW$T$31, DW_AT_decl_column(0x1d)
     425                    $C$DW$T$32      .dwtag  DW_TAG_typedef, DW_AT_name("int_fast16_t")
     426                            .dwattr $C$DW$T$32, DW_AT_type(*$C$DW$T$31)
     427                            .dwattr $C$DW$T$32, DW_AT_language(DW_LANG_C)
     428                            .dwattr $C$DW$T$32, DW_AT_decl_file("C:/ti/ccsv6/tools/compiler/ti-cgt-arm_5.2.4/include/stdin
     429                            .dwattr $C$DW$T$32, DW_AT_decl_line(0x47)
     430                            .dwattr $C$DW$T$32, DW_AT_decl_column(0x17)
     431                    $C$DW$T$33      .dwtag  DW_TAG_typedef, DW_AT_name("int_fast32_t")
     432                            .dwattr $C$DW$T$33, DW_AT_type(*$C$DW$T$31)
     433                            .dwattr $C$DW$T$33, DW_AT_language(DW_LANG_C)
     434                            .dwattr $C$DW$T$33, DW_AT_decl_file("C:/ti/ccsv6/tools/compiler/ti-cgt-arm_5.2.4/include/stdin
     435                            .dwattr $C$DW$T$33, DW_AT_decl_line(0x4a)
     436                            .dwattr $C$DW$T$33, DW_AT_decl_column(0x17)
     437                    $C$DW$T$34      .dwtag  DW_TAG_typedef, DW_AT_name("int_fast8_t")
     438                            .dwattr $C$DW$T$34, DW_AT_type(*$C$DW$T$31)
     439                            .dwattr $C$DW$T$34, DW_AT_language(DW_LANG_C)
     440                            .dwattr $C$DW$T$34, DW_AT_decl_file("C:/ti/ccsv6/tools/compiler/ti-cgt-arm_5.2.4/include/stdin
TI ARM Assembler PC v5.2.4 Mon Jun 29 08:38:11 2015

Tools Copyright (c) 1996-2015 Texas Instruments Incorporated
SysTick.asm                                                          PAGE    9

     441                            .dwattr $C$DW$T$34, DW_AT_decl_line(0x45)
     442                            .dwattr $C$DW$T$34, DW_AT_decl_column(0x17)
     443                    $C$DW$T$35      .dwtag  DW_TAG_typedef, DW_AT_name("int_least32_t")
     444                            .dwattr $C$DW$T$35, DW_AT_type(*$C$DW$T$31)
     445                            .dwattr $C$DW$T$35, DW_AT_language(DW_LANG_C)
     446                            .dwattr $C$DW$T$35, DW_AT_decl_file("C:/ti/ccsv6/tools/compiler/ti-cgt-arm_5.2.4/include/stdin
     447                            .dwattr $C$DW$T$35, DW_AT_decl_line(0x3c)
     448                            .dwattr $C$DW$T$35, DW_AT_decl_column(0x17)
     449                    $C$DW$T$36      .dwtag  DW_TAG_typedef, DW_AT_name("intptr_t")
     450                            .dwattr $C$DW$T$36, DW_AT_type(*$C$DW$T$10)
     451                            .dwattr $C$DW$T$36, DW_AT_language(DW_LANG_C)
     452                            .dwattr $C$DW$T$36, DW_AT_decl_file("C:/ti/ccsv6/tools/compiler/ti-cgt-arm_5.2.4/include/stdin
     453                            .dwattr $C$DW$T$36, DW_AT_decl_line(0x52)
     454                            .dwattr $C$DW$T$36, DW_AT_decl_column(0x1a)
     455                    $C$DW$T$11      .dwtag  DW_TAG_base_type
     456                            .dwattr $C$DW$T$11, DW_AT_encoding(DW_ATE_unsigned)
     457                            .dwattr $C$DW$T$11, DW_AT_name("unsigned int")
     458                            .dwattr $C$DW$T$11, DW_AT_byte_size(0x04)
     459                    $C$DW$T$20      .dwtag  DW_TAG_typedef, DW_AT_name("uint32_t")
     460                            .dwattr $C$DW$T$20, DW_AT_type(*$C$DW$T$11)
     461                            .dwattr $C$DW$T$20, DW_AT_language(DW_LANG_C)
     462                            .dwattr $C$DW$T$20, DW_AT_decl_file("C:/ti/ccsv6/tools/compiler/ti-cgt-arm_5.2.4/include/stdin
     463                            .dwattr $C$DW$T$20, DW_AT_decl_line(0x2f)
     464                            .dwattr $C$DW$T$20, DW_AT_decl_column(0x1c)
     465                    $C$DW$T$37      .dwtag  DW_TAG_volatile_type
     466                            .dwattr $C$DW$T$37, DW_AT_type(*$C$DW$T$20)
     467                    $C$DW$T$39      .dwtag  DW_TAG_typedef, DW_AT_name("uint_fast16_t")
     468                            .dwattr $C$DW$T$39, DW_AT_type(*$C$DW$T$20)
     469                            .dwattr $C$DW$T$39, DW_AT_language(DW_LANG_C)
     470                            .dwattr $C$DW$T$39, DW_AT_decl_file("C:/ti/ccsv6/tools/compiler/ti-cgt-arm_5.2.4/include/stdin
     471                            .dwattr $C$DW$T$39, DW_AT_decl_line(0x48)
     472                            .dwattr $C$DW$T$39, DW_AT_decl_column(0x16)
     473                    $C$DW$T$40      .dwtag  DW_TAG_typedef, DW_AT_name("uint_fast32_t")
     474                            .dwattr $C$DW$T$40, DW_AT_type(*$C$DW$T$20)
     475                            .dwattr $C$DW$T$40, DW_AT_language(DW_LANG_C)
     476                            .dwattr $C$DW$T$40, DW_AT_decl_file("C:/ti/ccsv6/tools/compiler/ti-cgt-arm_5.2.4/include/stdin
     477                            .dwattr $C$DW$T$40, DW_AT_decl_line(0x4b)
     478                            .dwattr $C$DW$T$40, DW_AT_decl_column(0x16)
     479                    $C$DW$T$41      .dwtag  DW_TAG_typedef, DW_AT_name("uint_fast8_t")
     480                            .dwattr $C$DW$T$41, DW_AT_type(*$C$DW$T$20)
     481                            .dwattr $C$DW$T$41, DW_AT_language(DW_LANG_C)
     482                            .dwattr $C$DW$T$41, DW_AT_decl_file("C:/ti/ccsv6/tools/compiler/ti-cgt-arm_5.2.4/include/stdin
     483                            .dwattr $C$DW$T$41, DW_AT_decl_line(0x46)
     484                            .dwattr $C$DW$T$41, DW_AT_decl_column(0x16)
     485                    $C$DW$T$42      .dwtag  DW_TAG_typedef, DW_AT_name("uint_least32_t")
     486                            .dwattr $C$DW$T$42, DW_AT_type(*$C$DW$T$20)
     487                            .dwattr $C$DW$T$42, DW_AT_language(DW_LANG_C)
     488                            .dwattr $C$DW$T$42, DW_AT_decl_file("C:/ti/ccsv6/tools/compiler/ti-cgt-arm_5.2.4/include/stdin
     489                            .dwattr $C$DW$T$42, DW_AT_decl_line(0x3d)
     490                            .dwattr $C$DW$T$42, DW_AT_decl_column(0x16)
     491                    $C$DW$T$43      .dwtag  DW_TAG_typedef, DW_AT_name("uintptr_t")
     492                            .dwattr $C$DW$T$43, DW_AT_type(*$C$DW$T$11)
     493                            .dwattr $C$DW$T$43, DW_AT_language(DW_LANG_C)
     494                            .dwattr $C$DW$T$43, DW_AT_decl_file("C:/ti/ccsv6/tools/compiler/ti-cgt-arm_5.2.4/include/stdin
     495                            .dwattr $C$DW$T$43, DW_AT_decl_line(0x53)
TI ARM Assembler PC v5.2.4 Mon Jun 29 08:38:11 2015

Tools Copyright (c) 1996-2015 Texas Instruments Incorporated
SysTick.asm                                                          PAGE   10

     496                            .dwattr $C$DW$T$43, DW_AT_decl_column(0x1a)
     497                    $C$DW$T$12      .dwtag  DW_TAG_base_type
     498                            .dwattr $C$DW$T$12, DW_AT_encoding(DW_ATE_signed)
     499                            .dwattr $C$DW$T$12, DW_AT_name("long")
     500                            .dwattr $C$DW$T$12, DW_AT_byte_size(0x04)
     501                    $C$DW$T$13      .dwtag  DW_TAG_base_type
     502                            .dwattr $C$DW$T$13, DW_AT_encoding(DW_ATE_unsigned)
     503                            .dwattr $C$DW$T$13, DW_AT_name("unsigned long")
     504                            .dwattr $C$DW$T$13, DW_AT_byte_size(0x04)
     505                    $C$DW$T$14      .dwtag  DW_TAG_base_type
     506                            .dwattr $C$DW$T$14, DW_AT_encoding(DW_ATE_signed)
     507                            .dwattr $C$DW$T$14, DW_AT_name("long long")
     508                            .dwattr $C$DW$T$14, DW_AT_byte_size(0x08)
     509                    $C$DW$T$44      .dwtag  DW_TAG_typedef, DW_AT_name("int64_t")
     510                            .dwattr $C$DW$T$44, DW_AT_type(*$C$DW$T$14)
     511                            .dwattr $C$DW$T$44, DW_AT_language(DW_LANG_C)
     512                            .dwattr $C$DW$T$44, DW_AT_decl_file("C:/ti/ccsv6/tools/compiler/ti-cgt-arm_5.2.4/include/stdin
     513                            .dwattr $C$DW$T$44, DW_AT_decl_line(0x32)
     514                            .dwattr $C$DW$T$44, DW_AT_decl_column(0x21)
     515                    $C$DW$T$45      .dwtag  DW_TAG_typedef, DW_AT_name("int_fast64_t")
     516                            .dwattr $C$DW$T$45, DW_AT_type(*$C$DW$T$44)
     517                            .dwattr $C$DW$T$45, DW_AT_language(DW_LANG_C)
     518                            .dwattr $C$DW$T$45, DW_AT_decl_file("C:/ti/ccsv6/tools/compiler/ti-cgt-arm_5.2.4/include/stdin
     519                            .dwattr $C$DW$T$45, DW_AT_decl_line(0x4e)
     520                            .dwattr $C$DW$T$45, DW_AT_decl_column(0x17)
     521                    $C$DW$T$46      .dwtag  DW_TAG_typedef, DW_AT_name("int_least64_t")
     522                            .dwattr $C$DW$T$46, DW_AT_type(*$C$DW$T$44)
     523                            .dwattr $C$DW$T$46, DW_AT_language(DW_LANG_C)
     524                            .dwattr $C$DW$T$46, DW_AT_decl_file("C:/ti/ccsv6/tools/compiler/ti-cgt-arm_5.2.4/include/stdin
     525                            .dwattr $C$DW$T$46, DW_AT_decl_line(0x40)
     526                            .dwattr $C$DW$T$46, DW_AT_decl_column(0x17)
     527                    $C$DW$T$47      .dwtag  DW_TAG_typedef, DW_AT_name("intmax_t")
     528                            .dwattr $C$DW$T$47, DW_AT_type(*$C$DW$T$14)
     529                            .dwattr $C$DW$T$47, DW_AT_language(DW_LANG_C)
     530                            .dwattr $C$DW$T$47, DW_AT_decl_file("C:/ti/ccsv6/tools/compiler/ti-cgt-arm_5.2.4/include/stdin
     531                            .dwattr $C$DW$T$47, DW_AT_decl_line(0x56)
     532                            .dwattr $C$DW$T$47, DW_AT_decl_column(0x20)
     533                    $C$DW$T$15      .dwtag  DW_TAG_base_type
     534                            .dwattr $C$DW$T$15, DW_AT_encoding(DW_ATE_unsigned)
     535                            .dwattr $C$DW$T$15, DW_AT_name("unsigned long long")
     536                            .dwattr $C$DW$T$15, DW_AT_byte_size(0x08)
     537                    $C$DW$T$48      .dwtag  DW_TAG_typedef, DW_AT_name("uint64_t")
     538                            .dwattr $C$DW$T$48, DW_AT_type(*$C$DW$T$15)
     539                            .dwattr $C$DW$T$48, DW_AT_language(DW_LANG_C)
     540                            .dwattr $C$DW$T$48, DW_AT_decl_file("C:/ti/ccsv6/tools/compiler/ti-cgt-arm_5.2.4/include/stdin
     541                            .dwattr $C$DW$T$48, DW_AT_decl_line(0x33)
     542                            .dwattr $C$DW$T$48, DW_AT_decl_column(0x20)
     543                    $C$DW$T$49      .dwtag  DW_TAG_typedef, DW_AT_name("uint_fast64_t")
     544                            .dwattr $C$DW$T$49, DW_AT_type(*$C$DW$T$48)
     545                            .dwattr $C$DW$T$49, DW_AT_language(DW_LANG_C)
     546                            .dwattr $C$DW$T$49, DW_AT_decl_file("C:/ti/ccsv6/tools/compiler/ti-cgt-arm_5.2.4/include/stdin
     547                            .dwattr $C$DW$T$49, DW_AT_decl_line(0x4f)
     548                            .dwattr $C$DW$T$49, DW_AT_decl_column(0x16)
     549                    $C$DW$T$50      .dwtag  DW_TAG_typedef, DW_AT_name("uint_least64_t")
     550                            .dwattr $C$DW$T$50, DW_AT_type(*$C$DW$T$48)
TI ARM Assembler PC v5.2.4 Mon Jun 29 08:38:11 2015

Tools Copyright (c) 1996-2015 Texas Instruments Incorporated
SysTick.asm                                                          PAGE   11

     551                            .dwattr $C$DW$T$50, DW_AT_language(DW_LANG_C)
     552                            .dwattr $C$DW$T$50, DW_AT_decl_file("C:/ti/ccsv6/tools/compiler/ti-cgt-arm_5.2.4/include/stdin
     553                            .dwattr $C$DW$T$50, DW_AT_decl_line(0x41)
     554                            .dwattr $C$DW$T$50, DW_AT_decl_column(0x16)
     555                    $C$DW$T$51      .dwtag  DW_TAG_typedef, DW_AT_name("uintmax_t")
     556                            .dwattr $C$DW$T$51, DW_AT_type(*$C$DW$T$15)
     557                            .dwattr $C$DW$T$51, DW_AT_language(DW_LANG_C)
     558                            .dwattr $C$DW$T$51, DW_AT_decl_file("C:/ti/ccsv6/tools/compiler/ti-cgt-arm_5.2.4/include/stdin
     559                            .dwattr $C$DW$T$51, DW_AT_decl_line(0x57)
     560                            .dwattr $C$DW$T$51, DW_AT_decl_column(0x20)
     561                    $C$DW$T$16      .dwtag  DW_TAG_base_type
     562                            .dwattr $C$DW$T$16, DW_AT_encoding(DW_ATE_float)
     563                            .dwattr $C$DW$T$16, DW_AT_name("float")
     564                            .dwattr $C$DW$T$16, DW_AT_byte_size(0x04)
     565                    $C$DW$T$17      .dwtag  DW_TAG_base_type
     566                            .dwattr $C$DW$T$17, DW_AT_encoding(DW_ATE_float)
     567                            .dwattr $C$DW$T$17, DW_AT_name("double")
     568                            .dwattr $C$DW$T$17, DW_AT_byte_size(0x08)
     569                    $C$DW$T$18      .dwtag  DW_TAG_base_type
     570                            .dwattr $C$DW$T$18, DW_AT_encoding(DW_ATE_float)
     571                            .dwattr $C$DW$T$18, DW_AT_name("long double")
     572                            .dwattr $C$DW$T$18, DW_AT_byte_size(0x08)
     573                    $C$DW$T$53      .dwtag  DW_TAG_pointer_type
     574                            .dwattr $C$DW$T$53, DW_AT_type(*$C$DW$T$6)
     575                            .dwattr $C$DW$T$53, DW_AT_address_class(0x20)
     576                    $C$DW$T$54      .dwtag  DW_TAG_typedef, DW_AT_name("__builtin_va_list")
     577                            .dwattr $C$DW$T$54, DW_AT_type(*$C$DW$T$53)
     578                            .dwattr $C$DW$T$54, DW_AT_language(DW_LANG_C)
     579                            .dwattr $C$DW$T$54, DW_AT_decl_file("../SysTick.c")
     580                            .dwattr $C$DW$T$54, DW_AT_decl_line(0x44)
     581                            .dwattr $C$DW$T$54, DW_AT_decl_column(0x01)
     582                            .dwattr $C$DW$CU, DW_AT_language(DW_LANG_C)
     583                    
     584                    ;***************************************************************
     585                    ;* DWARF CIE ENTRIES                                           *
     586                    ;***************************************************************
     587                    
     588                    $C$DW$CIE       .dwcie 14
     589                            .dwcfi  cfa_register, 13
     590                            .dwcfi  cfa_offset, 0
     591                            .dwcfi  undefined, 0
     592                            .dwcfi  undefined, 1
     593                            .dwcfi  undefined, 2
     594                            .dwcfi  undefined, 3
     595                            .dwcfi  same_value, 4
     596                            .dwcfi  same_value, 5
     597                            .dwcfi  same_value, 6
     598                            .dwcfi  same_value, 7
     599                            .dwcfi  same_value, 8
     600                            .dwcfi  same_value, 9
     601                            .dwcfi  same_value, 10
     602                            .dwcfi  same_value, 11
     603                            .dwcfi  undefined, 12
     604                            .dwcfi  undefined, 13
     605                            .dwcfi  undefined, 14
TI ARM Assembler PC v5.2.4 Mon Jun 29 08:38:11 2015

Tools Copyright (c) 1996-2015 Texas Instruments Incorporated
SysTick.asm                                                          PAGE   12

     606                            .dwcfi  undefined, 14
     607                            .dwcfi  undefined, 7
     608                            .dwcfi  undefined, 64
     609                            .dwcfi  undefined, 65
     610                            .dwcfi  undefined, 66
     611                            .dwcfi  undefined, 67
     612                            .dwcfi  undefined, 68
     613                            .dwcfi  undefined, 69
     614                            .dwcfi  undefined, 70
     615                            .dwcfi  undefined, 71
     616                            .dwcfi  undefined, 72
     617                            .dwcfi  undefined, 73
     618                            .dwcfi  undefined, 74
     619                            .dwcfi  undefined, 75
     620                            .dwcfi  undefined, 76
     621                            .dwcfi  undefined, 77
     622                            .dwcfi  undefined, 78
     623                            .dwcfi  undefined, 79
     624                            .dwcfi  same_value, 80
     625                            .dwcfi  same_value, 81
     626                            .dwcfi  same_value, 82
     627                            .dwcfi  same_value, 83
     628                            .dwcfi  same_value, 84
     629                            .dwcfi  same_value, 85
     630                            .dwcfi  same_value, 86
     631                            .dwcfi  same_value, 87
     632                            .dwcfi  same_value, 88
     633                            .dwcfi  same_value, 89
     634                            .dwcfi  same_value, 90
     635                            .dwcfi  same_value, 91
     636                            .dwcfi  same_value, 92
     637                            .dwcfi  same_value, 93
     638                            .dwcfi  same_value, 94
     639                            .dwcfi  same_value, 95
     640                            .dwendentry
     641                            .dwendtag $C$DW$CU
     642                    

--------------------------
Thumb2 Statistics
--------------------------
Number of Thumb2 ins converted to Thumb = 0 (0%)
Number of Thumb ins in input = 47 (92%)
Number of Thumb2 ins encoded as Thumb2 = 4 (100%)
Number of Thumb2 ins converted to 2 OPND Thumb = 1


No Assembly Errors, No Assembly Warnings
