TI ARM Assembler PC v5.2.4 Thu Sep 17 23:20:50 2015

Tools Copyright (c) 1996-2015 Texas Instruments Incorporated
systick.asm                                                          PAGE    1

       1                    ;******************************************************************************
       2                    ;* TI ARM C/C++ Codegen                                             PC v5.2.4 *
       3                    ;* Date/Time created: Thu Sep 17 23:20:50 2015                                *
       4                    ;******************************************************************************
       5                            .compiler_opts --abi=eabi --arm_vmrs_si_workaround=off --code_state=16 --diag_wrap=off --disab
       6 00000000                   .thumb
       7                    
       8                    $C$DW$CU        .dwtag  DW_TAG_compile_unit
       9                            .dwattr $C$DW$CU, DW_AT_name("../systick.c")
      10                            .dwattr $C$DW$CU, DW_AT_producer("TI TI ARM C/C++ Codegen PC v5.2.4 Copyright (c) 1996-2015 Te
      11                            .dwattr $C$DW$CU, DW_AT_TI_version(0x01)
      12                            .dwattr $C$DW$CU, DW_AT_comp_dir("C:\Dropbox\ArmBook\LaunchPad\ValvanoWareTM4C123\ESP8266_4C12
      13                    
      14                    $C$DW$1 .dwtag  DW_TAG_subprogram, DW_AT_name("StartCritical")
      15                            .dwattr $C$DW$1, DW_AT_TI_symbol_name("StartCritical")
      16                            .dwattr $C$DW$1, DW_AT_type(*$C$DW$T$12)
      17                            .dwattr $C$DW$1, DW_AT_declaration
      18                            .dwattr $C$DW$1, DW_AT_external
      19                            .dwattr $C$DW$1, DW_AT_decl_file("../systick.c")
      20                            .dwattr $C$DW$1, DW_AT_decl_line(0x1f)
      21                            .dwattr $C$DW$1, DW_AT_decl_column(0x06)
      22                    
      23                    $C$DW$2 .dwtag  DW_TAG_subprogram, DW_AT_name("EndCritical")
      24                            .dwattr $C$DW$2, DW_AT_TI_symbol_name("EndCritical")
      25                            .dwattr $C$DW$2, DW_AT_declaration
      26                            .dwattr $C$DW$2, DW_AT_external
      27                            .dwattr $C$DW$2, DW_AT_decl_file("../systick.c")
      28                            .dwattr $C$DW$2, DW_AT_decl_line(0x20)
      29                            .dwattr $C$DW$2, DW_AT_decl_column(0x06)
      30                    $C$DW$3 .dwtag  DW_TAG_formal_parameter
      31                            .dwattr $C$DW$3, DW_AT_type(*$C$DW$T$12)
      32                            .dwendtag $C$DW$2
      33                    
      34                    ;       C:\ti\ccsv6\tools\compiler\ti-cgt-arm_5.2.4\bin\armacpia.exe -@C:\\Users\\VALVAN~1\\AppData\\L
      35 00000000                   .sect   ".text"
      36                            .clink
      37                            .thumbfunc SysTick_Init
      38 00000000                   .thumb
      39                            .global SysTick_Init
      40                    
      41                    $C$DW$4 .dwtag  DW_TAG_subprogram, DW_AT_name("SysTick_Init")
      42                            .dwattr $C$DW$4, DW_AT_low_pc(SysTick_Init)
      43                            .dwattr $C$DW$4, DW_AT_high_pc(0x00)
      44                            .dwattr $C$DW$4, DW_AT_TI_symbol_name("SysTick_Init")
      45                            .dwattr $C$DW$4, DW_AT_external
      46                            .dwattr $C$DW$4, DW_AT_TI_begin_file("../systick.c")
      47                            .dwattr $C$DW$4, DW_AT_TI_begin_line(0x2a)
      48                            .dwattr $C$DW$4, DW_AT_TI_begin_column(0x06)
      49                            .dwattr $C$DW$4, DW_AT_decl_file("../systick.c")
      50                            .dwattr $C$DW$4, DW_AT_decl_line(0x2a)
      51                            .dwattr $C$DW$4, DW_AT_decl_column(0x06)
      52                            .dwattr $C$DW$4, DW_AT_TI_max_frame_size(0x10)
      53                            .dwpsn  file "../systick.c",line 42,column 35,is_stmt,address SysTick_Init,isa 1
      54                    
      55                            .dwfde $C$DW$CIE, SysTick_Init
TI ARM Assembler PC v5.2.4 Thu Sep 17 23:20:50 2015

Tools Copyright (c) 1996-2015 Texas Instruments Incorporated
systick.asm                                                          PAGE    2

      56                    $C$DW$5 .dwtag  DW_TAG_formal_parameter, DW_AT_name("period")
      57                            .dwattr $C$DW$5, DW_AT_TI_symbol_name("period")
      58                            .dwattr $C$DW$5, DW_AT_type(*$C$DW$T$21)
      59                            .dwattr $C$DW$5, DW_AT_location[DW_OP_reg0]
      60                    
      61                    ;*****************************************************************************
      62                    ;* FUNCTION NAME: SysTick_Init                                               *
      63                    ;*                                                                           *
      64                    ;*   Regs Modified     : A1,A2,A3,A4,V9,SP,LR,SR,D0,D0_hi,D1,D1_hi,D2,D2_hi, *
      65                    ;*                           D3,D3_hi,D4,D4_hi,D5,D5_hi,D6,D6_hi,D7,D7_hi,   *
      66                    ;*                           FPEXC,FPSCR                                     *
      67                    ;*   Regs Used         : A1,A2,A3,A4,V9,SP,LR,SR,D0,D0_hi,D1,D1_hi,D2,D2_hi, *
      68                    ;*                           D3,D3_hi,D4,D4_hi,D5,D5_hi,D6,D6_hi,D7,D7_hi,   *
      69                    ;*                           FPEXC,FPSCR                                     *
      70                    ;*   Local Frame Size  : 0 Args + 8 Auto + 4 Save = 12 byte                  *
      71                    ;*****************************************************************************
      72 00000000           SysTick_Init:
      73                    ;* --------------------------------------------------------------------------*
      74                            .dwcfi  cfa_offset, 0
      75 00000000 B50E              PUSH      {A2, A3, A4, LR}      ; [DPU_3_PIPE]  ; [ORIG 16-BIT INS]
      76                            .dwcfi  cfa_offset, 16
      77                            .dwcfi  save_reg_to_mem, 14, -4
      78                            .dwcfi  save_reg_to_mem, 3, -8
      79                            .dwcfi  save_reg_to_mem, 2, -12
      80                            .dwcfi  save_reg_to_mem, 1, -16
      81                    $C$DW$6 .dwtag  DW_TAG_variable, DW_AT_name("period")
      82                            .dwattr $C$DW$6, DW_AT_TI_symbol_name("period")
      83                            .dwattr $C$DW$6, DW_AT_type(*$C$DW$T$21)
      84                            .dwattr $C$DW$6, DW_AT_location[DW_OP_breg13 0]
      85                    $C$DW$7 .dwtag  DW_TAG_variable, DW_AT_name("sr")
      86                            .dwattr $C$DW$7, DW_AT_TI_symbol_name("sr")
      87                            .dwattr $C$DW$7, DW_AT_type(*$C$DW$T$12)
      88                            .dwattr $C$DW$7, DW_AT_location[DW_OP_breg13 4]
      89                    ;----------------------------------------------------------------------
      90                    ;  42 | void SysTick_Init(uint32_t period){long sr;                            
      91                    ;----------------------------------------------------------------------
      92 00000002 9000              STR       A1, [SP, #0]          ; [DPU_3_PIPE] |42|  ; [ORIG 16-BIT INS]
      93                            .dwpsn  file "../systick.c",line 43,column 3,is_stmt,isa 1
      94                    ;----------------------------------------------------------------------
      95                    ;  43 | sr = StartCritical();                                                  
      96                    ;----------------------------------------------------------------------
      97                    $C$DW$8 .dwtag  DW_TAG_TI_branch
      98                            .dwattr $C$DW$8, DW_AT_low_pc(0x00)
      99                            .dwattr $C$DW$8, DW_AT_name("StartCritical")
     100                            .dwattr $C$DW$8, DW_AT_TI_call
     101 00000004 FFFEF7FF!         BL        StartCritical         ; [DPU_3_PIPE] |43|  ; [KEEP 32-BIT INS]
     102                            ; CALL OCCURS {StartCritical }   ; [] |43| 
     103 00000008 9001              STR       A1, [SP, #4]          ; [DPU_3_PIPE] |43|  ; [ORIG 16-BIT INS]
     104                            .dwpsn  file "../systick.c",line 44,column 3,is_stmt,isa 1
     105                    ;----------------------------------------------------------------------
     106                    ;  44 | NVIC_ST_CTRL_R = 0;         // disable SysTick during setup            
     107                    ;----------------------------------------------------------------------
     108 0000000a 4915              LDR       A2, $C$CON1           ; [DPU_3_PIPE] |44|  ; [ORIG 16-BIT INS]
     109 0000000c 2000              MOVS      A1, #0                ; [DPU_3_PIPE] |44|  ; [ORIG 16-BIT INS]
     110 0000000e 6008              STR       A1, [A2, #0]          ; [DPU_3_PIPE] |44|  ; [ORIG 16-BIT INS]
TI ARM Assembler PC v5.2.4 Thu Sep 17 23:20:50 2015

Tools Copyright (c) 1996-2015 Texas Instruments Incorporated
systick.asm                                                          PAGE    3

     111                            .dwpsn  file "../systick.c",line 45,column 3,is_stmt,isa 1
     112                    ;----------------------------------------------------------------------
     113                    ;  45 | NVIC_ST_RELOAD_R = period-1;// reload value                            
     114                    ;----------------------------------------------------------------------
     115 00000010 4914              LDR       A2, $C$CON2           ; [DPU_3_PIPE] |45|  ; [ORIG 16-BIT INS]
     116 00000012 9800              LDR       A1, [SP, #0]          ; [DPU_3_PIPE] |45|  ; [ORIG 16-BIT INS]
     117 00000014 1E40              SUBS      A1, A1, #1            ; [DPU_3_PIPE] |45|  ; [ORIG 16-BIT INS]
     118 00000016 6008              STR       A1, [A2, #0]          ; [DPU_3_PIPE] |45|  ; [ORIG 16-BIT INS]
     119                            .dwpsn  file "../systick.c",line 46,column 3,is_stmt,isa 1
     120                    ;----------------------------------------------------------------------
     121                    ;  46 | NVIC_ST_CURRENT_R = 0;      // any write to current clears it          
     122                    ;----------------------------------------------------------------------
     123 00000018 4913              LDR       A2, $C$CON3           ; [DPU_3_PIPE] |46|  ; [ORIG 16-BIT INS]
     124 0000001a 2000              MOVS      A1, #0                ; [DPU_3_PIPE] |46|  ; [ORIG 16-BIT INS]
     125 0000001c 6008              STR       A1, [A2, #0]          ; [DPU_3_PIPE] |46|  ; [ORIG 16-BIT INS]
     126                            .dwpsn  file "../systick.c",line 47,column 3,is_stmt,isa 1
     127                    ;----------------------------------------------------------------------
     128                    ;  47 | NVIC_SYS_PRI3_R = (NVIC_SYS_PRI3_R&0x00FFFFFF)|0x40000000; // priority
     129                    ;     | 2                                                                      
     130                    ;  48 |                             // enable SysTick with core clock and inter
     131                    ;     | rupts                                                                  
     132                    ;----------------------------------------------------------------------
     133 0000001e 4813              LDR       A1, $C$CON4           ; [DPU_3_PIPE] |47|  ; [ORIG 16-BIT INS]
     134 00000020 4912              LDR       A2, $C$CON4           ; [DPU_3_PIPE] |47|  ; [ORIG 16-BIT INS]
     135 00000022 6800              LDR       A1, [A1, #0]          ; [DPU_3_PIPE] |47|  ; [ORIG 16-BIT INS]
     136 00000024 407FF020          BIC       A1, A1, #-16777216    ; [DPU_3_PIPE] |47|  ; [KEEP 32-BIT INS]
     137 00000028 4080F040          ORR       A1, A1, #1073741824   ; [DPU_3_PIPE] |47|  ; [KEEP 32-BIT INS]
     138 0000002c 6008              STR       A1, [A2, #0]          ; [DPU_3_PIPE] |47|  ; [ORIG 16-BIT INS]
     139                            .dwpsn  file "../systick.c",line 49,column 3,is_stmt,isa 1
     140                    ;----------------------------------------------------------------------
     141                    ;  49 | NVIC_ST_CTRL_R = 0x07;                                                 
     142                    ;----------------------------------------------------------------------
     143 0000002e 490C              LDR       A2, $C$CON1           ; [DPU_3_PIPE] |49|  ; [ORIG 16-BIT INS]
     144 00000030 2007              MOVS      A1, #7                ; [DPU_3_PIPE] |49|  ; [ORIG 16-BIT INS]
     145 00000032 6008              STR       A1, [A2, #0]          ; [DPU_3_PIPE] |49|  ; [ORIG 16-BIT INS]
     146                            .dwpsn  file "../systick.c",line 50,column 3,is_stmt,isa 1
     147                    ;----------------------------------------------------------------------
     148                    ;  50 | EndCritical(sr);                                                       
     149                    ;----------------------------------------------------------------------
     150 00000034 9801              LDR       A1, [SP, #4]          ; [DPU_3_PIPE] |50|  ; [ORIG 16-BIT INS]
     151                    $C$DW$9 .dwtag  DW_TAG_TI_branch
     152                            .dwattr $C$DW$9, DW_AT_low_pc(0x00)
     153                            .dwattr $C$DW$9, DW_AT_name("EndCritical")
     154                            .dwattr $C$DW$9, DW_AT_TI_call
     155 00000036 FFFEF7FF!         BL        EndCritical           ; [DPU_3_PIPE] |50|  ; [KEEP 32-BIT INS]
     156                            ; CALL OCCURS {EndCritical }     ; [] |50| 
     157                            .dwpsn  file "../systick.c",line 51,column 1,is_stmt,isa 1
     158                    $C$DW$10        .dwtag  DW_TAG_TI_branch
     159                            .dwattr $C$DW$10, DW_AT_low_pc(0x00)
     160                            .dwattr $C$DW$10, DW_AT_TI_return
     161 0000003a BD0E              POP       {A2, A3, A4, PC}      ; [DPU_3_PIPE]  ; [ORIG 16-BIT INS]
     162                            .dwcfi  cfa_offset, 0
     163                            ; BRANCH OCCURS                  ; [] 
     164                            .dwattr $C$DW$4, DW_AT_TI_end_file("../systick.c")
     165                            .dwattr $C$DW$4, DW_AT_TI_end_line(0x33)
TI ARM Assembler PC v5.2.4 Thu Sep 17 23:20:50 2015

Tools Copyright (c) 1996-2015 Texas Instruments Incorporated
systick.asm                                                          PAGE    4

     166                            .dwattr $C$DW$4, DW_AT_TI_end_column(0x01)
     167                            .dwendentry
     168                            .dwendtag $C$DW$4
     169                    
     170 0000003c                   .sect   ".text"
     171                            .clink
     172                            .thumbfunc SysTick_SetReload
     173 0000003c                   .thumb
     174                            .global SysTick_SetReload
     175                    
     176                    $C$DW$11        .dwtag  DW_TAG_subprogram, DW_AT_name("SysTick_SetReload")
     177                            .dwattr $C$DW$11, DW_AT_low_pc(SysTick_SetReload)
     178                            .dwattr $C$DW$11, DW_AT_high_pc(0x00)
     179                            .dwattr $C$DW$11, DW_AT_TI_symbol_name("SysTick_SetReload")
     180                            .dwattr $C$DW$11, DW_AT_external
     181                            .dwattr $C$DW$11, DW_AT_TI_begin_file("../systick.c")
     182                            .dwattr $C$DW$11, DW_AT_TI_begin_line(0x3d)
     183                            .dwattr $C$DW$11, DW_AT_TI_begin_column(0x06)
     184                            .dwattr $C$DW$11, DW_AT_decl_file("../systick.c")
     185                            .dwattr $C$DW$11, DW_AT_decl_line(0x3d)
     186                            .dwattr $C$DW$11, DW_AT_decl_column(0x06)
     187                            .dwattr $C$DW$11, DW_AT_TI_max_frame_size(0x08)
     188                            .dwpsn  file "../systick.c",line 61,column 40,is_stmt,address SysTick_SetReload,isa 1
     189                    
     190                            .dwfde $C$DW$CIE, SysTick_SetReload
     191                    $C$DW$12        .dwtag  DW_TAG_formal_parameter, DW_AT_name("period")
     192                            .dwattr $C$DW$12, DW_AT_TI_symbol_name("period")
     193                            .dwattr $C$DW$12, DW_AT_type(*$C$DW$T$21)
     194                            .dwattr $C$DW$12, DW_AT_location[DW_OP_reg0]
     195                    
     196                    ;*****************************************************************************
     197                    ;* FUNCTION NAME: SysTick_SetReload                                          *
     198                    ;*                                                                           *
     199                    ;*   Regs Modified     : A1,A2,SP,SR                                         *
     200                    ;*   Regs Used         : A1,A2,SP,LR,SR                                      *
     201                    ;*   Local Frame Size  : 0 Args + 4 Auto + 0 Save = 4 byte                   *
     202                    ;*****************************************************************************
     203 0000003c           SysTick_SetReload:
     204                    ;* --------------------------------------------------------------------------*
     205                            .dwcfi  cfa_offset, 0
     206 0000003c 0D08F1AD          SUB       SP, SP, #8            ; [DPU_3_PIPE]  ; [KEEP 32-BIT INS]
     207                            .dwcfi  cfa_offset, 8
     208                    $C$DW$13        .dwtag  DW_TAG_variable, DW_AT_name("period")
     209                            .dwattr $C$DW$13, DW_AT_TI_symbol_name("period")
     210                            .dwattr $C$DW$13, DW_AT_type(*$C$DW$T$21)
     211                            .dwattr $C$DW$13, DW_AT_location[DW_OP_breg13 0]
     212                    ;----------------------------------------------------------------------
     213                    ;  61 | void SysTick_SetReload(uint32_t period){                               
     214                    ;  62 | // set reload value (don't set if out of bounds)                       
     215                    ;----------------------------------------------------------------------
     216 00000040 9000              STR       A1, [SP, #0]          ; [DPU_3_PIPE] |61|  ; [ORIG 16-BIT INS]
     217                            .dwpsn  file "../systick.c",line 63,column 3,is_stmt,isa 1
     218                    ;----------------------------------------------------------------------
     219                    ;  63 | if(period <= 0xFFFFFF){                                                
     220                    ;----------------------------------------------------------------------
TI ARM Assembler PC v5.2.4 Thu Sep 17 23:20:50 2015

Tools Copyright (c) 1996-2015 Texas Instruments Incorporated
systick.asm                                                          PAGE    5

     221 00000042 9800              LDR       A1, [SP, #0]          ; [DPU_3_PIPE] |63|  ; [ORIG 16-BIT INS]
     222 00000044 417FF06F          MVN       A2, #-16777216        ; [DPU_3_PIPE] |63|  ; [KEEP 32-BIT INS]
     223 00000048 4281              CMP       A2, A1                ; [DPU_3_PIPE] |63|  ; [ORIG 16-BIT INS]
     224 0000004a D302              BCC       ||$C$L1||             ; [DPU_3_PIPE] |63|  ; [ORIG 16-BIT INS]
     225                            ; BRANCHCC OCCURS {||$C$L1||}    ; [] |63| 
     226                    ;* --------------------------------------------------------------------------*
     227                            .dwpsn  file "../systick.c",line 64,column 5,is_stmt,isa 1
     228                    ;----------------------------------------------------------------------
     229                    ;  64 | NVIC_ST_RELOAD_R = period;                                             
     230                    ;----------------------------------------------------------------------
     231 0000004c 9800              LDR       A1, [SP, #0]          ; [DPU_3_PIPE] |64|  ; [ORIG 16-BIT INS]
     232 0000004e 4905              LDR       A2, $C$CON2           ; [DPU_3_PIPE] |64|  ; [ORIG 16-BIT INS]
     233 00000050 6008              STR       A1, [A2, #0]          ; [DPU_3_PIPE] |64|  ; [ORIG 16-BIT INS]
     234                            .dwpsn  file "../systick.c",line 66,column 1,is_stmt,isa 1
     235                    ;* --------------------------------------------------------------------------*
     236 00000052           ||$C$L1||:    
     237 00000052 B002              ADD       SP, SP, #8            ; [DPU_3_PIPE]  ; [ORIG 16-BIT INS]
     238                            .dwcfi  cfa_offset, 0
     239                    $C$DW$14        .dwtag  DW_TAG_TI_branch
     240                            .dwattr $C$DW$14, DW_AT_low_pc(0x00)
     241                            .dwattr $C$DW$14, DW_AT_TI_return
     242 00000054 4770              BX        LR                    ; [DPU_3_PIPE]  ; [ORIG 16-BIT INS]
     243                            ; BRANCH OCCURS                  ; [] 
     244                            .dwattr $C$DW$11, DW_AT_TI_end_file("../systick.c")
     245                            .dwattr $C$DW$11, DW_AT_TI_end_line(0x42)
     246                            .dwattr $C$DW$11, DW_AT_TI_end_column(0x01)
     247                            .dwendentry
     248                            .dwendtag $C$DW$11
     249                    
     250 00000056                   .sect   ".text"
     251                            .clink
     252                            .thumbfunc SysTick_Reset
     253 00000056                   .thumb
     254                            .global SysTick_Reset
     255                    
     256                    $C$DW$15        .dwtag  DW_TAG_subprogram, DW_AT_name("SysTick_Reset")
     257                            .dwattr $C$DW$15, DW_AT_low_pc(SysTick_Reset)
     258                            .dwattr $C$DW$15, DW_AT_high_pc(0x00)
     259                            .dwattr $C$DW$15, DW_AT_TI_symbol_name("SysTick_Reset")
     260                            .dwattr $C$DW$15, DW_AT_external
     261                            .dwattr $C$DW$15, DW_AT_TI_begin_file("../systick.c")
     262                            .dwattr $C$DW$15, DW_AT_TI_begin_line(0x48)
     263                            .dwattr $C$DW$15, DW_AT_TI_begin_column(0x06)
     264                            .dwattr $C$DW$15, DW_AT_decl_file("../systick.c")
     265                            .dwattr $C$DW$15, DW_AT_decl_line(0x48)
     266                            .dwattr $C$DW$15, DW_AT_decl_column(0x06)
     267                            .dwattr $C$DW$15, DW_AT_TI_max_frame_size(0x00)
     268                            .dwpsn  file "../systick.c",line 72,column 25,is_stmt,address SysTick_Reset,isa 1
     269                    
     270                            .dwfde $C$DW$CIE, SysTick_Reset
     271                    ;----------------------------------------------------------------------
     272                    ;  72 | void SysTick_Reset(void){                                              
     273                    ;  73 | // any write to current resets it                                      
     274                    ;----------------------------------------------------------------------
     275                    
TI ARM Assembler PC v5.2.4 Thu Sep 17 23:20:50 2015

Tools Copyright (c) 1996-2015 Texas Instruments Incorporated
systick.asm                                                          PAGE    6

     276                    ;*****************************************************************************
     277                    ;* FUNCTION NAME: SysTick_Reset                                              *
     278                    ;*                                                                           *
     279                    ;*   Regs Modified     : A1,A2,SR                                            *
     280                    ;*   Regs Used         : A1,A2,LR,SR                                         *
     281                    ;*   Local Frame Size  : 0 Args + 0 Auto + 0 Save = 0 byte                   *
     282                    ;*****************************************************************************
     283 00000056           SysTick_Reset:
     284                    ;* --------------------------------------------------------------------------*
     285                            .dwcfi  cfa_offset, 0
     286                            .dwpsn  file "../systick.c",line 74,column 3,is_stmt,isa 1
     287                    ;----------------------------------------------------------------------
     288                    ;  74 | NVIC_ST_CURRENT_R = 0;                                                 
     289                    ;----------------------------------------------------------------------
     290 00000056 4904              LDR       A2, $C$CON3           ; [DPU_3_PIPE] |74|  ; [ORIG 16-BIT INS]
     291 00000058 2000              MOVS      A1, #0                ; [DPU_3_PIPE] |74|  ; [ORIG 16-BIT INS]
     292 0000005a 6008              STR       A1, [A2, #0]          ; [DPU_3_PIPE] |74|  ; [ORIG 16-BIT INS]
     293                            .dwpsn  file "../systick.c",line 75,column 1,is_stmt,isa 1
     294                    $C$DW$16        .dwtag  DW_TAG_TI_branch
     295                            .dwattr $C$DW$16, DW_AT_low_pc(0x00)
     296                            .dwattr $C$DW$16, DW_AT_TI_return
     297 0000005c 4770              BX        LR                    ; [DPU_3_PIPE]  ; [ORIG 16-BIT INS]
     298                            ; BRANCH OCCURS                  ; [] 
     299                            .dwattr $C$DW$15, DW_AT_TI_end_file("../systick.c")
     300                            .dwattr $C$DW$15, DW_AT_TI_end_line(0x4b)
     301                            .dwattr $C$DW$15, DW_AT_TI_end_column(0x01)
     302                            .dwendentry
     303                            .dwendtag $C$DW$15
     304                    
     305                    ;******************************************************************************
     306                    ;* CONSTANT TABLE                                                             *
     307                    ;******************************************************************************
     308 0000005e                   .sect   ".text"
     309                            .align  4
     310 0000005e E01046C0  ||$C$CON1||:    .bits   -536813552,32
         00000062 0000E000 
     311                            .align  4
     312 00000062 E014E000  ||$C$CON2||:    .bits   -536813548,32
         00000066 0000E000 
     313                            .align  4
     314 00000066 E018E000  ||$C$CON3||:    .bits   -536813544,32
         0000006a 0000E000 
     315                            .align  4
     316 0000006a ED20E000  ||$C$CON4||:    .bits   -536810208,32
         0000006e 0000E000 
     317                    ;*****************************************************************************
     318                    ;* UNDEFINED EXTERNAL REFERENCES                                             *
     319                    ;*****************************************************************************
     320                            .global StartCritical
     321                            .global EndCritical
     322                    
     323                    ;******************************************************************************
     324                    ;* BUILD ATTRIBUTES                                                           *
     325                    ;******************************************************************************
     326                            .battr "aeabi", Tag_File, 1, Tag_ABI_PCS_wchar_t(2)
TI ARM Assembler PC v5.2.4 Thu Sep 17 23:20:50 2015

Tools Copyright (c) 1996-2015 Texas Instruments Incorporated
systick.asm                                                          PAGE    7

     327                            .battr "aeabi", Tag_File, 1, Tag_ABI_FP_rounding(0)
     328                            .battr "aeabi", Tag_File, 1, Tag_ABI_FP_denormal(0)
     329                            .battr "aeabi", Tag_File, 1, Tag_ABI_FP_exceptions(0)
     330                            .battr "aeabi", Tag_File, 1, Tag_ABI_FP_number_model(1)
     331                            .battr "aeabi", Tag_File, 1, Tag_ABI_enum_size(0)
     332                            .battr "aeabi", Tag_File, 1, Tag_ABI_optimization_goals(5)
     333                            .battr "aeabi", Tag_File, 1, Tag_ABI_FP_optimization_goals(0)
     334                            .battr "TI", Tag_File, 1, Tag_Bitfield_layout(2)
     335                            .battr "TI", Tag_File, 1, Tag_FP_interface(1)
     336                    
     337                    ;******************************************************************************
     338                    ;* TYPE INFORMATION                                                           *
     339                    ;******************************************************************************
     340                    $C$DW$T$2       .dwtag  DW_TAG_unspecified_type
     341                            .dwattr $C$DW$T$2, DW_AT_name("void")
     342                    $C$DW$T$4       .dwtag  DW_TAG_base_type
     343                            .dwattr $C$DW$T$4, DW_AT_encoding(DW_ATE_boolean)
     344                            .dwattr $C$DW$T$4, DW_AT_name("bool")
     345                            .dwattr $C$DW$T$4, DW_AT_byte_size(0x01)
     346                    $C$DW$T$5       .dwtag  DW_TAG_base_type
     347                            .dwattr $C$DW$T$5, DW_AT_encoding(DW_ATE_signed_char)
     348                            .dwattr $C$DW$T$5, DW_AT_name("signed char")
     349                            .dwattr $C$DW$T$5, DW_AT_byte_size(0x01)
     350                    $C$DW$T$24      .dwtag  DW_TAG_typedef, DW_AT_name("int8_t")
     351                            .dwattr $C$DW$T$24, DW_AT_type(*$C$DW$T$5)
     352                            .dwattr $C$DW$T$24, DW_AT_language(DW_LANG_C)
     353                            .dwattr $C$DW$T$24, DW_AT_decl_file("C:/ti/ccsv6/tools/compiler/ti-cgt-arm_5.2.4/include/stdin
     354                            .dwattr $C$DW$T$24, DW_AT_decl_line(0x2a)
     355                            .dwattr $C$DW$T$24, DW_AT_decl_column(0x1d)
     356                    $C$DW$T$25      .dwtag  DW_TAG_typedef, DW_AT_name("int_least8_t")
     357                            .dwattr $C$DW$T$25, DW_AT_type(*$C$DW$T$24)
     358                            .dwattr $C$DW$T$25, DW_AT_language(DW_LANG_C)
     359                            .dwattr $C$DW$T$25, DW_AT_decl_file("C:/ti/ccsv6/tools/compiler/ti-cgt-arm_5.2.4/include/stdin
     360                            .dwattr $C$DW$T$25, DW_AT_decl_line(0x37)
     361                            .dwattr $C$DW$T$25, DW_AT_decl_column(0x17)
     362                    $C$DW$T$6       .dwtag  DW_TAG_base_type
     363                            .dwattr $C$DW$T$6, DW_AT_encoding(DW_ATE_unsigned_char)
     364                            .dwattr $C$DW$T$6, DW_AT_name("unsigned char")
     365                            .dwattr $C$DW$T$6, DW_AT_byte_size(0x01)
     366                    $C$DW$T$26      .dwtag  DW_TAG_typedef, DW_AT_name("uint8_t")
     367                            .dwattr $C$DW$T$26, DW_AT_type(*$C$DW$T$6)
     368                            .dwattr $C$DW$T$26, DW_AT_language(DW_LANG_C)
     369                            .dwattr $C$DW$T$26, DW_AT_decl_file("C:/ti/ccsv6/tools/compiler/ti-cgt-arm_5.2.4/include/stdin
     370                            .dwattr $C$DW$T$26, DW_AT_decl_line(0x2b)
     371                            .dwattr $C$DW$T$26, DW_AT_decl_column(0x1c)
     372                    $C$DW$T$27      .dwtag  DW_TAG_typedef, DW_AT_name("uint_least8_t")
     373                            .dwattr $C$DW$T$27, DW_AT_type(*$C$DW$T$26)
     374                            .dwattr $C$DW$T$27, DW_AT_language(DW_LANG_C)
     375                            .dwattr $C$DW$T$27, DW_AT_decl_file("C:/ti/ccsv6/tools/compiler/ti-cgt-arm_5.2.4/include/stdin
     376                            .dwattr $C$DW$T$27, DW_AT_decl_line(0x38)
     377                            .dwattr $C$DW$T$27, DW_AT_decl_column(0x16)
     378                    $C$DW$T$7       .dwtag  DW_TAG_base_type
     379                            .dwattr $C$DW$T$7, DW_AT_encoding(DW_ATE_signed_char)
     380                            .dwattr $C$DW$T$7, DW_AT_name("wchar_t")
     381                            .dwattr $C$DW$T$7, DW_AT_byte_size(0x02)
TI ARM Assembler PC v5.2.4 Thu Sep 17 23:20:50 2015

Tools Copyright (c) 1996-2015 Texas Instruments Incorporated
systick.asm                                                          PAGE    8

     382                    $C$DW$T$8       .dwtag  DW_TAG_base_type
     383                            .dwattr $C$DW$T$8, DW_AT_encoding(DW_ATE_signed)
     384                            .dwattr $C$DW$T$8, DW_AT_name("short")
     385                            .dwattr $C$DW$T$8, DW_AT_byte_size(0x02)
     386                    $C$DW$T$28      .dwtag  DW_TAG_typedef, DW_AT_name("int16_t")
     387                            .dwattr $C$DW$T$28, DW_AT_type(*$C$DW$T$8)
     388                            .dwattr $C$DW$T$28, DW_AT_language(DW_LANG_C)
     389                            .dwattr $C$DW$T$28, DW_AT_decl_file("C:/ti/ccsv6/tools/compiler/ti-cgt-arm_5.2.4/include/stdin
     390                            .dwattr $C$DW$T$28, DW_AT_decl_line(0x2c)
     391                            .dwattr $C$DW$T$28, DW_AT_decl_column(0x1d)
     392                    $C$DW$T$29      .dwtag  DW_TAG_typedef, DW_AT_name("int_least16_t")
     393                            .dwattr $C$DW$T$29, DW_AT_type(*$C$DW$T$28)
     394                            .dwattr $C$DW$T$29, DW_AT_language(DW_LANG_C)
     395                            .dwattr $C$DW$T$29, DW_AT_decl_file("C:/ti/ccsv6/tools/compiler/ti-cgt-arm_5.2.4/include/stdin
     396                            .dwattr $C$DW$T$29, DW_AT_decl_line(0x3a)
     397                            .dwattr $C$DW$T$29, DW_AT_decl_column(0x17)
     398                    $C$DW$T$9       .dwtag  DW_TAG_base_type
     399                            .dwattr $C$DW$T$9, DW_AT_encoding(DW_ATE_unsigned)
     400                            .dwattr $C$DW$T$9, DW_AT_name("unsigned short")
     401                            .dwattr $C$DW$T$9, DW_AT_byte_size(0x02)
     402                    $C$DW$T$30      .dwtag  DW_TAG_typedef, DW_AT_name("uint16_t")
     403                            .dwattr $C$DW$T$30, DW_AT_type(*$C$DW$T$9)
     404                            .dwattr $C$DW$T$30, DW_AT_language(DW_LANG_C)
     405                            .dwattr $C$DW$T$30, DW_AT_decl_file("C:/ti/ccsv6/tools/compiler/ti-cgt-arm_5.2.4/include/stdin
     406                            .dwattr $C$DW$T$30, DW_AT_decl_line(0x2d)
     407                            .dwattr $C$DW$T$30, DW_AT_decl_column(0x1c)
     408                    $C$DW$T$31      .dwtag  DW_TAG_typedef, DW_AT_name("uint_least16_t")
     409                            .dwattr $C$DW$T$31, DW_AT_type(*$C$DW$T$30)
     410                            .dwattr $C$DW$T$31, DW_AT_language(DW_LANG_C)
     411                            .dwattr $C$DW$T$31, DW_AT_decl_file("C:/ti/ccsv6/tools/compiler/ti-cgt-arm_5.2.4/include/stdin
     412                            .dwattr $C$DW$T$31, DW_AT_decl_line(0x3b)
     413                            .dwattr $C$DW$T$31, DW_AT_decl_column(0x16)
     414                    $C$DW$T$10      .dwtag  DW_TAG_base_type
     415                            .dwattr $C$DW$T$10, DW_AT_encoding(DW_ATE_signed)
     416                            .dwattr $C$DW$T$10, DW_AT_name("int")
     417                            .dwattr $C$DW$T$10, DW_AT_byte_size(0x04)
     418                    $C$DW$T$32      .dwtag  DW_TAG_typedef, DW_AT_name("int32_t")
     419                            .dwattr $C$DW$T$32, DW_AT_type(*$C$DW$T$10)
     420                            .dwattr $C$DW$T$32, DW_AT_language(DW_LANG_C)
     421                            .dwattr $C$DW$T$32, DW_AT_decl_file("C:/ti/ccsv6/tools/compiler/ti-cgt-arm_5.2.4/include/stdin
     422                            .dwattr $C$DW$T$32, DW_AT_decl_line(0x2e)
     423                            .dwattr $C$DW$T$32, DW_AT_decl_column(0x1d)
     424                    $C$DW$T$33      .dwtag  DW_TAG_typedef, DW_AT_name("int_fast16_t")
     425                            .dwattr $C$DW$T$33, DW_AT_type(*$C$DW$T$32)
     426                            .dwattr $C$DW$T$33, DW_AT_language(DW_LANG_C)
     427                            .dwattr $C$DW$T$33, DW_AT_decl_file("C:/ti/ccsv6/tools/compiler/ti-cgt-arm_5.2.4/include/stdin
     428                            .dwattr $C$DW$T$33, DW_AT_decl_line(0x47)
     429                            .dwattr $C$DW$T$33, DW_AT_decl_column(0x17)
     430                    $C$DW$T$34      .dwtag  DW_TAG_typedef, DW_AT_name("int_fast32_t")
     431                            .dwattr $C$DW$T$34, DW_AT_type(*$C$DW$T$32)
     432                            .dwattr $C$DW$T$34, DW_AT_language(DW_LANG_C)
     433                            .dwattr $C$DW$T$34, DW_AT_decl_file("C:/ti/ccsv6/tools/compiler/ti-cgt-arm_5.2.4/include/stdin
     434                            .dwattr $C$DW$T$34, DW_AT_decl_line(0x4a)
     435                            .dwattr $C$DW$T$34, DW_AT_decl_column(0x17)
     436                    $C$DW$T$35      .dwtag  DW_TAG_typedef, DW_AT_name("int_fast8_t")
TI ARM Assembler PC v5.2.4 Thu Sep 17 23:20:50 2015

Tools Copyright (c) 1996-2015 Texas Instruments Incorporated
systick.asm                                                          PAGE    9

     437                            .dwattr $C$DW$T$35, DW_AT_type(*$C$DW$T$32)
     438                            .dwattr $C$DW$T$35, DW_AT_language(DW_LANG_C)
     439                            .dwattr $C$DW$T$35, DW_AT_decl_file("C:/ti/ccsv6/tools/compiler/ti-cgt-arm_5.2.4/include/stdin
     440                            .dwattr $C$DW$T$35, DW_AT_decl_line(0x45)
     441                            .dwattr $C$DW$T$35, DW_AT_decl_column(0x17)
     442                    $C$DW$T$36      .dwtag  DW_TAG_typedef, DW_AT_name("int_least32_t")
     443                            .dwattr $C$DW$T$36, DW_AT_type(*$C$DW$T$32)
     444                            .dwattr $C$DW$T$36, DW_AT_language(DW_LANG_C)
     445                            .dwattr $C$DW$T$36, DW_AT_decl_file("C:/ti/ccsv6/tools/compiler/ti-cgt-arm_5.2.4/include/stdin
     446                            .dwattr $C$DW$T$36, DW_AT_decl_line(0x3c)
     447                            .dwattr $C$DW$T$36, DW_AT_decl_column(0x17)
     448                    $C$DW$T$37      .dwtag  DW_TAG_typedef, DW_AT_name("intptr_t")
     449                            .dwattr $C$DW$T$37, DW_AT_type(*$C$DW$T$10)
     450                            .dwattr $C$DW$T$37, DW_AT_language(DW_LANG_C)
     451                            .dwattr $C$DW$T$37, DW_AT_decl_file("C:/ti/ccsv6/tools/compiler/ti-cgt-arm_5.2.4/include/stdin
     452                            .dwattr $C$DW$T$37, DW_AT_decl_line(0x52)
     453                            .dwattr $C$DW$T$37, DW_AT_decl_column(0x1a)
     454                    $C$DW$T$11      .dwtag  DW_TAG_base_type
     455                            .dwattr $C$DW$T$11, DW_AT_encoding(DW_ATE_unsigned)
     456                            .dwattr $C$DW$T$11, DW_AT_name("unsigned int")
     457                            .dwattr $C$DW$T$11, DW_AT_byte_size(0x04)
     458                    $C$DW$T$21      .dwtag  DW_TAG_typedef, DW_AT_name("uint32_t")
     459                            .dwattr $C$DW$T$21, DW_AT_type(*$C$DW$T$11)
     460                            .dwattr $C$DW$T$21, DW_AT_language(DW_LANG_C)
     461                            .dwattr $C$DW$T$21, DW_AT_decl_file("C:/ti/ccsv6/tools/compiler/ti-cgt-arm_5.2.4/include/stdin
     462                            .dwattr $C$DW$T$21, DW_AT_decl_line(0x2f)
     463                            .dwattr $C$DW$T$21, DW_AT_decl_column(0x1c)
     464                    $C$DW$T$40      .dwtag  DW_TAG_typedef, DW_AT_name("uint_fast16_t")
     465                            .dwattr $C$DW$T$40, DW_AT_type(*$C$DW$T$21)
     466                            .dwattr $C$DW$T$40, DW_AT_language(DW_LANG_C)
     467                            .dwattr $C$DW$T$40, DW_AT_decl_file("C:/ti/ccsv6/tools/compiler/ti-cgt-arm_5.2.4/include/stdin
     468                            .dwattr $C$DW$T$40, DW_AT_decl_line(0x48)
     469                            .dwattr $C$DW$T$40, DW_AT_decl_column(0x16)
     470                    $C$DW$T$41      .dwtag  DW_TAG_typedef, DW_AT_name("uint_fast32_t")
     471                            .dwattr $C$DW$T$41, DW_AT_type(*$C$DW$T$21)
     472                            .dwattr $C$DW$T$41, DW_AT_language(DW_LANG_C)
     473                            .dwattr $C$DW$T$41, DW_AT_decl_file("C:/ti/ccsv6/tools/compiler/ti-cgt-arm_5.2.4/include/stdin
     474                            .dwattr $C$DW$T$41, DW_AT_decl_line(0x4b)
     475                            .dwattr $C$DW$T$41, DW_AT_decl_column(0x16)
     476                    $C$DW$T$42      .dwtag  DW_TAG_typedef, DW_AT_name("uint_fast8_t")
     477                            .dwattr $C$DW$T$42, DW_AT_type(*$C$DW$T$21)
     478                            .dwattr $C$DW$T$42, DW_AT_language(DW_LANG_C)
     479                            .dwattr $C$DW$T$42, DW_AT_decl_file("C:/ti/ccsv6/tools/compiler/ti-cgt-arm_5.2.4/include/stdin
     480                            .dwattr $C$DW$T$42, DW_AT_decl_line(0x46)
     481                            .dwattr $C$DW$T$42, DW_AT_decl_column(0x16)
     482                    $C$DW$T$43      .dwtag  DW_TAG_typedef, DW_AT_name("uint_least32_t")
     483                            .dwattr $C$DW$T$43, DW_AT_type(*$C$DW$T$21)
     484                            .dwattr $C$DW$T$43, DW_AT_language(DW_LANG_C)
     485                            .dwattr $C$DW$T$43, DW_AT_decl_file("C:/ti/ccsv6/tools/compiler/ti-cgt-arm_5.2.4/include/stdin
     486                            .dwattr $C$DW$T$43, DW_AT_decl_line(0x3d)
     487                            .dwattr $C$DW$T$43, DW_AT_decl_column(0x16)
     488                    $C$DW$T$44      .dwtag  DW_TAG_typedef, DW_AT_name("uintptr_t")
     489                            .dwattr $C$DW$T$44, DW_AT_type(*$C$DW$T$11)
     490                            .dwattr $C$DW$T$44, DW_AT_language(DW_LANG_C)
     491                            .dwattr $C$DW$T$44, DW_AT_decl_file("C:/ti/ccsv6/tools/compiler/ti-cgt-arm_5.2.4/include/stdin
TI ARM Assembler PC v5.2.4 Thu Sep 17 23:20:50 2015

Tools Copyright (c) 1996-2015 Texas Instruments Incorporated
systick.asm                                                          PAGE   10

     492                            .dwattr $C$DW$T$44, DW_AT_decl_line(0x53)
     493                            .dwattr $C$DW$T$44, DW_AT_decl_column(0x1a)
     494                    $C$DW$T$12      .dwtag  DW_TAG_base_type
     495                            .dwattr $C$DW$T$12, DW_AT_encoding(DW_ATE_signed)
     496                            .dwattr $C$DW$T$12, DW_AT_name("long")
     497                            .dwattr $C$DW$T$12, DW_AT_byte_size(0x04)
     498                    $C$DW$T$13      .dwtag  DW_TAG_base_type
     499                            .dwattr $C$DW$T$13, DW_AT_encoding(DW_ATE_unsigned)
     500                            .dwattr $C$DW$T$13, DW_AT_name("unsigned long")
     501                            .dwattr $C$DW$T$13, DW_AT_byte_size(0x04)
     502                    $C$DW$T$14      .dwtag  DW_TAG_base_type
     503                            .dwattr $C$DW$T$14, DW_AT_encoding(DW_ATE_signed)
     504                            .dwattr $C$DW$T$14, DW_AT_name("long long")
     505                            .dwattr $C$DW$T$14, DW_AT_byte_size(0x08)
     506                    $C$DW$T$47      .dwtag  DW_TAG_typedef, DW_AT_name("int64_t")
     507                            .dwattr $C$DW$T$47, DW_AT_type(*$C$DW$T$14)
     508                            .dwattr $C$DW$T$47, DW_AT_language(DW_LANG_C)
     509                            .dwattr $C$DW$T$47, DW_AT_decl_file("C:/ti/ccsv6/tools/compiler/ti-cgt-arm_5.2.4/include/stdin
     510                            .dwattr $C$DW$T$47, DW_AT_decl_line(0x32)
     511                            .dwattr $C$DW$T$47, DW_AT_decl_column(0x21)
     512                    $C$DW$T$48      .dwtag  DW_TAG_typedef, DW_AT_name("int_fast64_t")
     513                            .dwattr $C$DW$T$48, DW_AT_type(*$C$DW$T$47)
     514                            .dwattr $C$DW$T$48, DW_AT_language(DW_LANG_C)
     515                            .dwattr $C$DW$T$48, DW_AT_decl_file("C:/ti/ccsv6/tools/compiler/ti-cgt-arm_5.2.4/include/stdin
     516                            .dwattr $C$DW$T$48, DW_AT_decl_line(0x4e)
     517                            .dwattr $C$DW$T$48, DW_AT_decl_column(0x17)
     518                    $C$DW$T$49      .dwtag  DW_TAG_typedef, DW_AT_name("int_least64_t")
     519                            .dwattr $C$DW$T$49, DW_AT_type(*$C$DW$T$47)
     520                            .dwattr $C$DW$T$49, DW_AT_language(DW_LANG_C)
     521                            .dwattr $C$DW$T$49, DW_AT_decl_file("C:/ti/ccsv6/tools/compiler/ti-cgt-arm_5.2.4/include/stdin
     522                            .dwattr $C$DW$T$49, DW_AT_decl_line(0x40)
     523                            .dwattr $C$DW$T$49, DW_AT_decl_column(0x17)
     524                    $C$DW$T$50      .dwtag  DW_TAG_typedef, DW_AT_name("intmax_t")
     525                            .dwattr $C$DW$T$50, DW_AT_type(*$C$DW$T$14)
     526                            .dwattr $C$DW$T$50, DW_AT_language(DW_LANG_C)
     527                            .dwattr $C$DW$T$50, DW_AT_decl_file("C:/ti/ccsv6/tools/compiler/ti-cgt-arm_5.2.4/include/stdin
     528                            .dwattr $C$DW$T$50, DW_AT_decl_line(0x56)
     529                            .dwattr $C$DW$T$50, DW_AT_decl_column(0x20)
     530                    $C$DW$T$15      .dwtag  DW_TAG_base_type
     531                            .dwattr $C$DW$T$15, DW_AT_encoding(DW_ATE_unsigned)
     532                            .dwattr $C$DW$T$15, DW_AT_name("unsigned long long")
     533                            .dwattr $C$DW$T$15, DW_AT_byte_size(0x08)
     534                    $C$DW$T$51      .dwtag  DW_TAG_typedef, DW_AT_name("uint64_t")
     535                            .dwattr $C$DW$T$51, DW_AT_type(*$C$DW$T$15)
     536                            .dwattr $C$DW$T$51, DW_AT_language(DW_LANG_C)
     537                            .dwattr $C$DW$T$51, DW_AT_decl_file("C:/ti/ccsv6/tools/compiler/ti-cgt-arm_5.2.4/include/stdin
     538                            .dwattr $C$DW$T$51, DW_AT_decl_line(0x33)
     539                            .dwattr $C$DW$T$51, DW_AT_decl_column(0x20)
     540                    $C$DW$T$52      .dwtag  DW_TAG_typedef, DW_AT_name("uint_fast64_t")
     541                            .dwattr $C$DW$T$52, DW_AT_type(*$C$DW$T$51)
     542                            .dwattr $C$DW$T$52, DW_AT_language(DW_LANG_C)
     543                            .dwattr $C$DW$T$52, DW_AT_decl_file("C:/ti/ccsv6/tools/compiler/ti-cgt-arm_5.2.4/include/stdin
     544                            .dwattr $C$DW$T$52, DW_AT_decl_line(0x4f)
     545                            .dwattr $C$DW$T$52, DW_AT_decl_column(0x16)
     546                    $C$DW$T$53      .dwtag  DW_TAG_typedef, DW_AT_name("uint_least64_t")
TI ARM Assembler PC v5.2.4 Thu Sep 17 23:20:50 2015

Tools Copyright (c) 1996-2015 Texas Instruments Incorporated
systick.asm                                                          PAGE   11

     547                            .dwattr $C$DW$T$53, DW_AT_type(*$C$DW$T$51)
     548                            .dwattr $C$DW$T$53, DW_AT_language(DW_LANG_C)
     549                            .dwattr $C$DW$T$53, DW_AT_decl_file("C:/ti/ccsv6/tools/compiler/ti-cgt-arm_5.2.4/include/stdin
     550                            .dwattr $C$DW$T$53, DW_AT_decl_line(0x41)
     551                            .dwattr $C$DW$T$53, DW_AT_decl_column(0x16)
     552                    $C$DW$T$54      .dwtag  DW_TAG_typedef, DW_AT_name("uintmax_t")
     553                            .dwattr $C$DW$T$54, DW_AT_type(*$C$DW$T$15)
     554                            .dwattr $C$DW$T$54, DW_AT_language(DW_LANG_C)
     555                            .dwattr $C$DW$T$54, DW_AT_decl_file("C:/ti/ccsv6/tools/compiler/ti-cgt-arm_5.2.4/include/stdin
     556                            .dwattr $C$DW$T$54, DW_AT_decl_line(0x57)
     557                            .dwattr $C$DW$T$54, DW_AT_decl_column(0x20)
     558                    $C$DW$T$16      .dwtag  DW_TAG_base_type
     559                            .dwattr $C$DW$T$16, DW_AT_encoding(DW_ATE_float)
     560                            .dwattr $C$DW$T$16, DW_AT_name("float")
     561                            .dwattr $C$DW$T$16, DW_AT_byte_size(0x04)
     562                    $C$DW$T$17      .dwtag  DW_TAG_base_type
     563                            .dwattr $C$DW$T$17, DW_AT_encoding(DW_ATE_float)
     564                            .dwattr $C$DW$T$17, DW_AT_name("double")
     565                            .dwattr $C$DW$T$17, DW_AT_byte_size(0x08)
     566                    $C$DW$T$18      .dwtag  DW_TAG_base_type
     567                            .dwattr $C$DW$T$18, DW_AT_encoding(DW_ATE_float)
     568                            .dwattr $C$DW$T$18, DW_AT_name("long double")
     569                            .dwattr $C$DW$T$18, DW_AT_byte_size(0x08)
     570                    $C$DW$T$56      .dwtag  DW_TAG_pointer_type
     571                            .dwattr $C$DW$T$56, DW_AT_type(*$C$DW$T$6)
     572                            .dwattr $C$DW$T$56, DW_AT_address_class(0x20)
     573                    $C$DW$T$57      .dwtag  DW_TAG_typedef, DW_AT_name("__builtin_va_list")
     574                            .dwattr $C$DW$T$57, DW_AT_type(*$C$DW$T$56)
     575                            .dwattr $C$DW$T$57, DW_AT_language(DW_LANG_C)
     576                            .dwattr $C$DW$T$57, DW_AT_decl_file("../systick.c")
     577                            .dwattr $C$DW$T$57, DW_AT_decl_line(0x4b)
     578                            .dwattr $C$DW$T$57, DW_AT_decl_column(0x01)
     579                            .dwattr $C$DW$CU, DW_AT_language(DW_LANG_C)
     580                    
     581                    ;***************************************************************
     582                    ;* DWARF CIE ENTRIES                                           *
     583                    ;***************************************************************
     584                    
     585                    $C$DW$CIE       .dwcie 14
     586                            .dwcfi  cfa_register, 13
     587                            .dwcfi  cfa_offset, 0
     588                            .dwcfi  undefined, 0
     589                            .dwcfi  undefined, 1
     590                            .dwcfi  undefined, 2
     591                            .dwcfi  undefined, 3
     592                            .dwcfi  same_value, 4
     593                            .dwcfi  same_value, 5
     594                            .dwcfi  same_value, 6
     595                            .dwcfi  same_value, 7
     596                            .dwcfi  same_value, 8
     597                            .dwcfi  same_value, 9
     598                            .dwcfi  same_value, 10
     599                            .dwcfi  same_value, 11
     600                            .dwcfi  undefined, 12
     601                            .dwcfi  undefined, 13
TI ARM Assembler PC v5.2.4 Thu Sep 17 23:20:50 2015

Tools Copyright (c) 1996-2015 Texas Instruments Incorporated
systick.asm                                                          PAGE   12

     602                            .dwcfi  undefined, 14
     603                            .dwcfi  undefined, 14
     604                            .dwcfi  undefined, 7
     605                            .dwcfi  undefined, 64
     606                            .dwcfi  undefined, 65
     607                            .dwcfi  undefined, 66
     608                            .dwcfi  undefined, 67
     609                            .dwcfi  undefined, 68
     610                            .dwcfi  undefined, 69
     611                            .dwcfi  undefined, 70
     612                            .dwcfi  undefined, 71
     613                            .dwcfi  undefined, 72
     614                            .dwcfi  undefined, 73
     615                            .dwcfi  undefined, 74
     616                            .dwcfi  undefined, 75
     617                            .dwcfi  undefined, 76
     618                            .dwcfi  undefined, 77
     619                            .dwcfi  undefined, 78
     620                            .dwcfi  undefined, 79
     621                            .dwcfi  same_value, 80
     622                            .dwcfi  same_value, 81
     623                            .dwcfi  same_value, 82
     624                            .dwcfi  same_value, 83
     625                            .dwcfi  same_value, 84
     626                            .dwcfi  same_value, 85
     627                            .dwcfi  same_value, 86
     628                            .dwcfi  same_value, 87
     629                            .dwcfi  same_value, 88
     630                            .dwcfi  same_value, 89
     631                            .dwcfi  same_value, 90
     632                            .dwcfi  same_value, 91
     633                            .dwcfi  same_value, 92
     634                            .dwcfi  same_value, 93
     635                            .dwcfi  same_value, 94
     636                            .dwcfi  same_value, 95
     637                            .dwendentry
     638                            .dwendtag $C$DW$CU
     639                    

--------------------------
Thumb2 Statistics
--------------------------
Number of Thumb2 ins converted to Thumb = 0 (0%)
Number of Thumb ins in input = 38 (86%)
Number of Thumb2 ins encoded as Thumb2 = 6 (100%)
Number of Thumb2 ins converted to 2 OPND Thumb = 2


No Assembly Errors, No Assembly Warnings
